2024-09-12 14:11:45,545 [Worker-6: Loading available Gradle versions] INFO  o.e.b.c.i.u.g.PublishedGradleVersions - Gradle version information cache is up-to-date. Trying to read.
2024-09-12 14:12:04,155 [Worker-2: Building] INFO  o.e.m.c.i.l.LifecycleMappingFactory - Using org.eclipse.m2e.jdt.JarLifecycleMapping lifecycle mapping for MavenProject: com.info:ApiGateWayService:1.0 @ /Users/manideepakula/Documents/workspace-spring-tool-suite-4-4.24.0.RELEASE/workspace/Zipkin/ApiGateWayService/pom.xml.
2024-09-12 14:12:05,254 [Worker-2: Building] INFO  o.e.m.c.i.embedder.EclipseLogger - Using 'UTF-8' encoding to copy filtered resources.
2024-09-12 14:12:05,254 [Worker-2: Building] INFO  o.e.m.c.i.embedder.EclipseLogger - Using 'UTF-8' encoding to copy filtered properties files.
2024-09-12 14:12:05,263 [Worker-2: Building] INFO  o.e.m.c.i.embedder.EclipseLogger - Copying 2 resources
2024-09-12 14:12:05,284 [Worker-2: Building] INFO  o.e.m.c.i.embedder.EclipseLogger - Copying 0 resource
2024-09-12 14:12:05,289 [Worker-2: Building] INFO  o.e.m.c.i.embedder.EclipseLogger - Using 'UTF-8' encoding to copy filtered resources.
2024-09-12 14:12:05,289 [Worker-2: Building] INFO  o.e.m.c.i.embedder.EclipseLogger - Using 'UTF-8' encoding to copy filtered properties files.
2024-09-12 14:12:05,289 [Worker-2: Building] INFO  o.e.m.c.i.embedder.EclipseLogger - skip non existing resourceDirectory /Users/manideepakula/Documents/workspace-spring-tool-suite-4-4.24.0.RELEASE/workspace/Zipkin/ApiGateWayService/src/test/resources
2024-09-12 14:12:05,666 [Worker-7: Building] INFO  o.e.m.c.i.embedder.EclipseLogger - Using 'UTF-8' encoding to copy filtered resources.
2024-09-12 14:12:05,666 [Worker-7: Building] INFO  o.e.m.c.i.embedder.EclipseLogger - Using 'UTF-8' encoding to copy filtered properties files.
2024-09-12 14:12:05,666 [Worker-7: Building] INFO  o.e.m.c.i.embedder.EclipseLogger - Copying 2 resources
2024-09-12 14:12:05,667 [Worker-7: Building] INFO  o.e.m.c.i.embedder.EclipseLogger - Copying 0 resource
2024-09-12 14:12:05,700 [Worker-7: Building] INFO  o.e.m.c.i.embedder.EclipseLogger - Using 'UTF-8' encoding to copy filtered resources.
2024-09-12 14:12:05,700 [Worker-7: Building] INFO  o.e.m.c.i.embedder.EclipseLogger - Using 'UTF-8' encoding to copy filtered properties files.
2024-09-12 14:12:05,700 [Worker-7: Building] INFO  o.e.m.c.i.embedder.EclipseLogger - skip non existing resourceDirectory /Users/manideepakula/Documents/workspace-spring-tool-suite-4-4.24.0.RELEASE/workspace/Zipkin/ApiGateWayService/src/test/resources
2024-09-12 14:12:05,945 [Worker-7: Building] INFO  o.e.m.c.i.l.LifecycleMappingFactory - Using org.eclipse.m2e.jdt.JarLifecycleMapping lifecycle mapping for MavenProject: com.example:EurekaServerProject:0.0.1-SNAPSHOT @ /Users/manideepakula/Documents/workspace-spring-tool-suite-4-4.24.0.RELEASE/workspace/Zipkin/EurekaServerProject/pom.xml.
2024-09-12 14:12:06,679 [Worker-7: Building] INFO  o.e.m.c.i.embedder.EclipseLogger - Using 'UTF-8' encoding to copy filtered resources.
2024-09-12 14:12:06,680 [Worker-7: Building] INFO  o.e.m.c.i.embedder.EclipseLogger - Copying 2 resources
2024-09-12 14:12:06,686 [Worker-7: Building] INFO  o.e.m.c.i.embedder.EclipseLogger - Copying 1 resource
2024-09-12 14:12:06,691 [Worker-7: Building] INFO  o.e.m.c.i.embedder.EclipseLogger - Using 'UTF-8' encoding to copy filtered resources.
2024-09-12 14:12:06,692 [Worker-7: Building] INFO  o.e.m.c.i.embedder.EclipseLogger - skip non existing resourceDirectory /Users/manideepakula/Documents/workspace-spring-tool-suite-4-4.24.0.RELEASE/workspace/Zipkin/EurekaServerProject/src/test/resources
2024-09-12 14:12:06,961 [Worker-5: Building] INFO  o.e.m.c.i.embedder.EclipseLogger - Using 'UTF-8' encoding to copy filtered resources.
2024-09-12 14:12:06,961 [Worker-5: Building] INFO  o.e.m.c.i.embedder.EclipseLogger - Copying 2 resources
2024-09-12 14:12:06,962 [Worker-5: Building] INFO  o.e.m.c.i.embedder.EclipseLogger - Copying 1 resource
2024-09-12 14:12:06,965 [Worker-5: Building] INFO  o.e.m.c.i.embedder.EclipseLogger - Using 'UTF-8' encoding to copy filtered resources.
2024-09-12 14:12:06,965 [Worker-5: Building] INFO  o.e.m.c.i.embedder.EclipseLogger - skip non existing resourceDirectory /Users/manideepakula/Documents/workspace-spring-tool-suite-4-4.24.0.RELEASE/workspace/Zipkin/EurekaServerProject/src/test/resources
2024-09-12 14:12:07,224 [Worker-5: Building] INFO  o.e.m.c.i.l.LifecycleMappingFactory - Using org.eclipse.m2e.jdt.JarLifecycleMapping lifecycle mapping for MavenProject: com.example:OrderServiceApp:0.0.1-SNAPSHOT @ /Users/manideepakula/Documents/workspace-spring-tool-suite-4-4.24.0.RELEASE/workspace/Zipkin/OrderServiceApp/pom.xml.
2024-09-12 14:12:07,727 [Worker-5: Building] INFO  o.e.m.c.i.embedder.EclipseLogger - Using 'UTF-8' encoding to copy filtered resources.
2024-09-12 14:12:07,727 [Worker-5: Building] INFO  o.e.m.c.i.embedder.EclipseLogger - Copying 2 resources
2024-09-12 14:12:07,728 [Worker-5: Building] INFO  o.e.m.c.i.embedder.EclipseLogger - Copying 0 resource
2024-09-12 14:12:07,729 [Worker-5: Building] INFO  o.e.m.c.i.embedder.EclipseLogger - Using 'UTF-8' encoding to copy filtered resources.
2024-09-12 14:12:07,730 [Worker-5: Building] INFO  o.e.m.c.i.embedder.EclipseLogger - skip non existing resourceDirectory /Users/manideepakula/Documents/workspace-spring-tool-suite-4-4.24.0.RELEASE/workspace/Zipkin/OrderServiceApp/src/test/resources
2024-09-12 14:12:07,980 [Worker-0: Building] INFO  o.e.m.c.i.embedder.EclipseLogger - Using 'UTF-8' encoding to copy filtered resources.
2024-09-12 14:12:07,980 [Worker-0: Building] INFO  o.e.m.c.i.embedder.EclipseLogger - Copying 2 resources
2024-09-12 14:12:07,980 [Worker-0: Building] INFO  o.e.m.c.i.embedder.EclipseLogger - Copying 0 resource
2024-09-12 14:12:07,982 [Worker-0: Building] INFO  o.e.m.c.i.embedder.EclipseLogger - Using 'UTF-8' encoding to copy filtered resources.
2024-09-12 14:12:07,983 [Worker-0: Building] INFO  o.e.m.c.i.embedder.EclipseLogger - skip non existing resourceDirectory /Users/manideepakula/Documents/workspace-spring-tool-suite-4-4.24.0.RELEASE/workspace/Zipkin/OrderServiceApp/src/test/resources
2024-09-12 14:12:08,123 [Worker-0: Building] INFO  o.e.m.c.i.l.LifecycleMappingFactory - Using org.eclipse.m2e.jdt.JarLifecycleMapping lifecycle mapping for MavenProject: com.example:PaymentServiceApp:0.0.1-SNAPSHOT @ /Users/manideepakula/Documents/workspace-spring-tool-suite-4-4.24.0.RELEASE/workspace/Zipkin/PaymentServiceApp/pom.xml.
2024-09-12 14:12:08,448 [Worker-0: Building] INFO  o.e.m.c.i.embedder.EclipseLogger - Using 'UTF-8' encoding to copy filtered resources.
2024-09-12 14:12:08,448 [Worker-0: Building] INFO  o.e.m.c.i.embedder.EclipseLogger - Copying 2 resources
2024-09-12 14:12:08,450 [Worker-0: Building] INFO  o.e.m.c.i.embedder.EclipseLogger - Copying 0 resource
2024-09-12 14:12:08,452 [Worker-0: Building] INFO  o.e.m.c.i.embedder.EclipseLogger - Using 'UTF-8' encoding to copy filtered resources.
2024-09-12 14:12:08,452 [Worker-0: Building] INFO  o.e.m.c.i.embedder.EclipseLogger - skip non existing resourceDirectory /Users/manideepakula/Documents/workspace-spring-tool-suite-4-4.24.0.RELEASE/workspace/Zipkin/PaymentServiceApp/src/test/resources
2024-09-12 14:12:08,577 [Worker-0: Building] INFO  o.e.m.c.i.l.LifecycleMappingFactory - Using org.eclipse.m2e.jdt.JarLifecycleMapping lifecycle mapping for MavenProject: com.example:ProductServiceApp:0.0.1-SNAPSHOT @ /Users/manideepakula/Documents/workspace-spring-tool-suite-4-4.24.0.RELEASE/workspace/Zipkin/ProductServiceApp/pom.xml.
2024-09-12 14:12:08,824 [Worker-0: Building] INFO  o.e.m.c.i.embedder.EclipseLogger - Using 'UTF-8' encoding to copy filtered resources.
2024-09-12 14:12:08,824 [Worker-0: Building] INFO  o.e.m.c.i.embedder.EclipseLogger - Copying 2 resources
2024-09-12 14:12:08,825 [Worker-0: Building] INFO  o.e.m.c.i.embedder.EclipseLogger - Copying 0 resource
2024-09-12 14:12:08,827 [Worker-0: Building] INFO  o.e.m.c.i.embedder.EclipseLogger - Using 'UTF-8' encoding to copy filtered resources.
2024-09-12 14:12:08,827 [Worker-0: Building] INFO  o.e.m.c.i.embedder.EclipseLogger - skip non existing resourceDirectory /Users/manideepakula/Documents/workspace-spring-tool-suite-4-4.24.0.RELEASE/workspace/Zipkin/ProductServiceApp/src/test/resources
2024-09-12 14:12:09,975 [Worker-12: Building] INFO  o.e.m.c.i.embedder.EclipseLogger - Using 'UTF-8' encoding to copy filtered resources.
2024-09-12 14:12:09,975 [Worker-12: Building] INFO  o.e.m.c.i.embedder.EclipseLogger - Copying 2 resources
2024-09-12 14:12:09,976 [Worker-12: Building] INFO  o.e.m.c.i.embedder.EclipseLogger - Copying 0 resource
2024-09-12 14:12:09,978 [Worker-12: Building] INFO  o.e.m.c.i.embedder.EclipseLogger - Using 'UTF-8' encoding to copy filtered resources.
2024-09-12 14:12:09,978 [Worker-12: Building] INFO  o.e.m.c.i.embedder.EclipseLogger - skip non existing resourceDirectory /Users/manideepakula/Documents/workspace-spring-tool-suite-4-4.24.0.RELEASE/workspace/Zipkin/PaymentServiceApp/src/test/resources
2024-09-12 14:12:10,050 [Worker-12: Building] INFO  o.e.m.c.i.embedder.EclipseLogger - Using 'UTF-8' encoding to copy filtered resources.
2024-09-12 14:12:10,050 [Worker-12: Building] INFO  o.e.m.c.i.embedder.EclipseLogger - Copying 2 resources
2024-09-12 14:12:10,051 [Worker-12: Building] INFO  o.e.m.c.i.embedder.EclipseLogger - Copying 0 resource
2024-09-12 14:12:10,053 [Worker-12: Building] INFO  o.e.m.c.i.embedder.EclipseLogger - Using 'UTF-8' encoding to copy filtered resources.
2024-09-12 14:12:10,053 [Worker-12: Building] INFO  o.e.m.c.i.embedder.EclipseLogger - skip non existing resourceDirectory /Users/manideepakula/Documents/workspace-spring-tool-suite-4-4.24.0.RELEASE/workspace/Zipkin/ProductServiceApp/src/test/resources
2024-09-12 14:12:19,682 [Worker-13: Updating Maven Project] INFO  o.e.m.c.i.p.ProjectConfigurationManager - Update started
2024-09-12 14:12:20,051 [Worker-13: Updating Maven Project] INFO  o.e.m.c.i.l.LifecycleMappingFactory - Using org.eclipse.m2e.jdt.JarLifecycleMapping lifecycle mapping for MavenProject: com.info:ApiGateWayService:1.0 @ /Users/manideepakula/Documents/workspace-spring-tool-suite-4-4.24.0.RELEASE/workspace/Zipkin/ApiGateWayService/pom.xml.
2024-09-12 14:12:20,261 [Worker-13: Updating Maven Project] INFO  o.e.m.c.i.l.LifecycleMappingFactory - Using org.eclipse.m2e.jdt.JarLifecycleMapping lifecycle mapping for MavenProject: com.example:EurekaServerProject:0.0.1-SNAPSHOT @ /Users/manideepakula/Documents/workspace-spring-tool-suite-4-4.24.0.RELEASE/workspace/Zipkin/EurekaServerProject/pom.xml.
2024-09-12 14:12:20,406 [Worker-13: Updating Maven Project] INFO  o.e.m.c.i.l.LifecycleMappingFactory - Using org.eclipse.m2e.jdt.JarLifecycleMapping lifecycle mapping for MavenProject: com.example:OrderServiceApp:0.0.1-SNAPSHOT @ /Users/manideepakula/Documents/workspace-spring-tool-suite-4-4.24.0.RELEASE/workspace/Zipkin/OrderServiceApp/pom.xml.
2024-09-12 14:12:20,494 [Worker-13: Updating Maven Project] INFO  o.e.m.c.i.l.LifecycleMappingFactory - Using org.eclipse.m2e.jdt.JarLifecycleMapping lifecycle mapping for MavenProject: com.example:PaymentServiceApp:0.0.1-SNAPSHOT @ /Users/manideepakula/Documents/workspace-spring-tool-suite-4-4.24.0.RELEASE/workspace/Zipkin/PaymentServiceApp/pom.xml.
2024-09-12 14:12:20,517 [Worker-13: Updating Maven Project] INFO  o.e.m.c.i.l.LifecycleMappingFactory - Using org.eclipse.m2e.jdt.JarLifecycleMapping lifecycle mapping for MavenProject: com.example:ProductServiceApp:0.0.1-SNAPSHOT @ /Users/manideepakula/Documents/workspace-spring-tool-suite-4-4.24.0.RELEASE/workspace/Zipkin/ProductServiceApp/pom.xml.
2024-09-12 14:12:20,926 [Worker-13: Updating Maven Project] INFO  o.e.m.j.i.AbstractJavaProjectConfigurator - Adding source folder /ApiGateWayService/src/main/java
2024-09-12 14:12:20,927 [Worker-13: Updating Maven Project] INFO  o.e.m.j.i.AbstractJavaProjectConfigurator - Adding resource folder /ApiGateWayService/src/main/resources
2024-09-12 14:12:20,928 [Worker-13: Updating Maven Project] INFO  o.e.m.j.i.AbstractJavaProjectConfigurator - Adding resource folder /ApiGateWayService/src/main/resources
2024-09-12 14:12:20,929 [Worker-13: Updating Maven Project] INFO  o.e.m.j.i.AbstractJavaProjectConfigurator - Adding source folder /ApiGateWayService/src/test/java
2024-09-12 14:12:20,929 [Worker-13: Updating Maven Project] INFO  o.e.m.j.i.AbstractJavaProjectConfigurator - Adding resource folder /ApiGateWayService/src/test/resources
2024-09-12 14:12:21,083 [Worker-13: Updating Maven Project] INFO  o.e.m.j.i.AbstractJavaProjectConfigurator - Adding source folder /EurekaServerProject/src/main/java
2024-09-12 14:12:21,083 [Worker-13: Updating Maven Project] INFO  o.e.m.j.i.AbstractJavaProjectConfigurator - Adding resource folder /EurekaServerProject/src/main/resources
2024-09-12 14:12:21,084 [Worker-13: Updating Maven Project] INFO  o.e.m.j.i.AbstractJavaProjectConfigurator - Adding resource folder /EurekaServerProject/src/main/resources
2024-09-12 14:12:21,085 [Worker-13: Updating Maven Project] INFO  o.e.m.j.i.AbstractJavaProjectConfigurator - Adding source folder /EurekaServerProject/src/test/java
2024-09-12 14:12:21,085 [Worker-13: Updating Maven Project] INFO  o.e.m.j.i.AbstractJavaProjectConfigurator - Adding resource folder /EurekaServerProject/src/test/resources
2024-09-12 14:12:21,150 [Worker-13: Updating Maven Project] INFO  o.e.m.j.i.AbstractJavaProjectConfigurator - Adding source folder /OrderServiceApp/src/main/java
2024-09-12 14:12:21,150 [Worker-13: Updating Maven Project] INFO  o.e.m.j.i.AbstractJavaProjectConfigurator - Adding resource folder /OrderServiceApp/src/main/resources
2024-09-12 14:12:21,150 [Worker-13: Updating Maven Project] INFO  o.e.m.j.i.AbstractJavaProjectConfigurator - Adding resource folder /OrderServiceApp/src/main/resources
2024-09-12 14:12:21,151 [Worker-13: Updating Maven Project] INFO  o.e.m.j.i.AbstractJavaProjectConfigurator - Adding source folder /OrderServiceApp/src/test/java
2024-09-12 14:12:21,151 [Worker-13: Updating Maven Project] INFO  o.e.m.j.i.AbstractJavaProjectConfigurator - Adding resource folder /OrderServiceApp/src/test/resources
2024-09-12 14:12:21,289 [Worker-13: Updating Maven Project] INFO  o.e.m.j.i.AbstractJavaProjectConfigurator - Adding source folder /PaymentServiceApp/src/main/java
2024-09-12 14:12:21,289 [Worker-13: Updating Maven Project] INFO  o.e.m.j.i.AbstractJavaProjectConfigurator - Adding resource folder /PaymentServiceApp/src/main/resources
2024-09-12 14:12:21,291 [Worker-13: Updating Maven Project] INFO  o.e.m.j.i.AbstractJavaProjectConfigurator - Adding resource folder /PaymentServiceApp/src/main/resources
2024-09-12 14:12:21,292 [Worker-13: Updating Maven Project] INFO  o.e.m.j.i.AbstractJavaProjectConfigurator - Adding source folder /PaymentServiceApp/src/test/java
2024-09-12 14:12:21,292 [Worker-13: Updating Maven Project] INFO  o.e.m.j.i.AbstractJavaProjectConfigurator - Adding resource folder /PaymentServiceApp/src/test/resources
2024-09-12 14:12:21,358 [Worker-13: Updating Maven Project] INFO  o.e.m.j.i.AbstractJavaProjectConfigurator - Adding source folder /ProductServiceApp/src/main/java
2024-09-12 14:12:21,358 [Worker-13: Updating Maven Project] INFO  o.e.m.j.i.AbstractJavaProjectConfigurator - Adding resource folder /ProductServiceApp/src/main/resources
2024-09-12 14:12:21,361 [Worker-13: Updating Maven Project] INFO  o.e.m.j.i.AbstractJavaProjectConfigurator - Adding resource folder /ProductServiceApp/src/main/resources
2024-09-12 14:12:21,362 [Worker-13: Updating Maven Project] INFO  o.e.m.j.i.AbstractJavaProjectConfigurator - Adding source folder /ProductServiceApp/src/test/java
2024-09-12 14:12:21,362 [Worker-13: Updating Maven Project] INFO  o.e.m.j.i.AbstractJavaProjectConfigurator - Adding resource folder /ProductServiceApp/src/test/resources
2024-09-12 14:12:21,504 [Worker-13: Updating Maven Project] INFO  o.e.m.c.i.p.ProjectConfigurationManager - Update completed for 5 poms: local refresh takes 0.00 sec, refresh facades takes 1.00 sec, update config takes 0.00 sec 
2024-09-12 14:12:21,746 [Worker-5: Building] INFO  o.e.m.c.i.embedder.EclipseLogger - Using 'UTF-8' encoding to copy filtered resources.
2024-09-12 14:12:21,746 [Worker-5: Building] INFO  o.e.m.c.i.embedder.EclipseLogger - Using 'UTF-8' encoding to copy filtered properties files.
2024-09-12 14:12:21,746 [Worker-5: Building] INFO  o.e.m.c.i.embedder.EclipseLogger - Copying 2 resources
2024-09-12 14:12:21,753 [Worker-5: Building] INFO  o.e.m.c.i.embedder.EclipseLogger - Copying 0 resource
2024-09-12 14:12:21,755 [Worker-5: Building] INFO  o.e.m.c.i.embedder.EclipseLogger - Using 'UTF-8' encoding to copy filtered resources.
2024-09-12 14:12:21,755 [Worker-5: Building] INFO  o.e.m.c.i.embedder.EclipseLogger - Using 'UTF-8' encoding to copy filtered properties files.
2024-09-12 14:12:21,755 [Worker-5: Building] INFO  o.e.m.c.i.embedder.EclipseLogger - skip non existing resourceDirectory /Users/manideepakula/Documents/workspace-spring-tool-suite-4-4.24.0.RELEASE/workspace/Zipkin/ApiGateWayService/src/test/resources
2024-09-12 14:12:21,886 [Worker-5: Building] INFO  o.e.m.c.i.embedder.EclipseLogger - Using 'UTF-8' encoding to copy filtered resources.
2024-09-12 14:12:21,887 [Worker-5: Building] INFO  o.e.m.c.i.embedder.EclipseLogger - Copying 2 resources
2024-09-12 14:12:21,891 [Worker-5: Building] INFO  o.e.m.c.i.embedder.EclipseLogger - Copying 1 resource
2024-09-12 14:12:21,893 [Worker-5: Building] INFO  o.e.m.c.i.embedder.EclipseLogger - Using 'UTF-8' encoding to copy filtered resources.
2024-09-12 14:12:21,894 [Worker-5: Building] INFO  o.e.m.c.i.embedder.EclipseLogger - skip non existing resourceDirectory /Users/manideepakula/Documents/workspace-spring-tool-suite-4-4.24.0.RELEASE/workspace/Zipkin/EurekaServerProject/src/test/resources
2024-09-12 14:12:22,026 [Worker-5: Building] INFO  o.e.m.c.i.embedder.EclipseLogger - Using 'UTF-8' encoding to copy filtered resources.
2024-09-12 14:12:22,026 [Worker-5: Building] INFO  o.e.m.c.i.embedder.EclipseLogger - Copying 2 resources
2024-09-12 14:12:22,027 [Worker-5: Building] INFO  o.e.m.c.i.embedder.EclipseLogger - Copying 0 resource
2024-09-12 14:12:22,028 [Worker-5: Building] INFO  o.e.m.c.i.embedder.EclipseLogger - Using 'UTF-8' encoding to copy filtered resources.
2024-09-12 14:12:22,028 [Worker-5: Building] INFO  o.e.m.c.i.embedder.EclipseLogger - skip non existing resourceDirectory /Users/manideepakula/Documents/workspace-spring-tool-suite-4-4.24.0.RELEASE/workspace/Zipkin/OrderServiceApp/src/test/resources
2024-09-12 14:12:22,056 [Worker-5: Building] INFO  o.e.m.c.i.embedder.EclipseLogger - Using 'UTF-8' encoding to copy filtered resources.
2024-09-12 14:12:22,056 [Worker-5: Building] INFO  o.e.m.c.i.embedder.EclipseLogger - Copying 2 resources
2024-09-12 14:12:22,056 [Worker-5: Building] INFO  o.e.m.c.i.embedder.EclipseLogger - Copying 0 resource
2024-09-12 14:12:22,058 [Worker-5: Building] INFO  o.e.m.c.i.embedder.EclipseLogger - Using 'UTF-8' encoding to copy filtered resources.
2024-09-12 14:12:22,058 [Worker-5: Building] INFO  o.e.m.c.i.embedder.EclipseLogger - skip non existing resourceDirectory /Users/manideepakula/Documents/workspace-spring-tool-suite-4-4.24.0.RELEASE/workspace/Zipkin/PaymentServiceApp/src/test/resources
2024-09-12 14:12:22,086 [Worker-5: Building] INFO  o.e.m.c.i.embedder.EclipseLogger - Using 'UTF-8' encoding to copy filtered resources.
2024-09-12 14:12:22,086 [Worker-5: Building] INFO  o.e.m.c.i.embedder.EclipseLogger - Copying 2 resources
2024-09-12 14:12:22,087 [Worker-5: Building] INFO  o.e.m.c.i.embedder.EclipseLogger - Copying 0 resource
2024-09-12 14:12:22,088 [Worker-5: Building] INFO  o.e.m.c.i.embedder.EclipseLogger - Using 'UTF-8' encoding to copy filtered resources.
2024-09-12 14:12:22,088 [Worker-5: Building] INFO  o.e.m.c.i.embedder.EclipseLogger - skip non existing resourceDirectory /Users/manideepakula/Documents/workspace-spring-tool-suite-4-4.24.0.RELEASE/workspace/Zipkin/ProductServiceApp/src/test/resources
2024-09-12 16:27:21,147 [Worker-12: Building] INFO  o.e.m.c.i.embedder.EclipseLogger - Using 'UTF-8' encoding to copy filtered resources.
2024-09-12 16:27:21,147 [Worker-12: Building] INFO  o.e.m.c.i.embedder.EclipseLogger - Using 'UTF-8' encoding to copy filtered properties files.
2024-09-12 16:27:21,149 [Worker-12: Building] INFO  o.e.m.c.i.embedder.EclipseLogger - Copying 1 resource
2024-09-12 16:27:21,157 [Worker-12: Building] INFO  o.e.m.c.i.embedder.EclipseLogger - Copying 0 resource
2024-09-12 16:27:21,160 [Worker-12: Building] INFO  o.e.m.c.i.embedder.EclipseLogger - Using 'UTF-8' encoding to copy filtered resources.
2024-09-12 16:27:21,160 [Worker-12: Building] INFO  o.e.m.c.i.embedder.EclipseLogger - Using 'UTF-8' encoding to copy filtered properties files.
2024-09-12 16:27:21,161 [Worker-12: Building] INFO  o.e.m.c.i.embedder.EclipseLogger - skip non existing resourceDirectory /Users/manideepakula/Documents/workspace-spring-tool-suite-4-4.24.0.RELEASE/workspace/Zipkin/ApiGateWayService/src/test/resources
2024-09-12 21:47:36,269 [Worker-39: Building] INFO  o.e.m.c.i.embedder.EclipseLogger - Using 'UTF-8' encoding to copy filtered resources.
2024-09-12 21:47:36,271 [Worker-39: Building] INFO  o.e.m.c.i.embedder.EclipseLogger - Copying 2 resources
2024-09-12 21:47:36,272 [Worker-39: Building] INFO  o.e.m.c.i.embedder.EclipseLogger - Copying 0 resource
2024-09-12 21:47:36,274 [Worker-39: Building] INFO  o.e.m.c.i.embedder.EclipseLogger - Using 'UTF-8' encoding to copy filtered resources.
2024-09-12 21:47:36,274 [Worker-39: Building] INFO  o.e.m.c.i.embedder.EclipseLogger - skip non existing resourceDirectory /Users/manideepakula/Documents/workspace-spring-tool-suite-4-4.24.0.RELEASE/workspace/Zipkin/OrderServiceApp/src/test/resources
2024-09-12 21:47:51,967 [Worker-30: Building] INFO  o.e.m.c.i.embedder.EclipseLogger - Using 'UTF-8' encoding to copy filtered resources.
2024-09-12 21:47:51,967 [Worker-30: Building] INFO  o.e.m.c.i.embedder.EclipseLogger - Copying 2 resources
2024-09-12 21:47:51,968 [Worker-30: Building] INFO  o.e.m.c.i.embedder.EclipseLogger - Copying 0 resource
2024-09-12 21:47:51,969 [Worker-30: Building] INFO  o.e.m.c.i.embedder.EclipseLogger - Using 'UTF-8' encoding to copy filtered resources.
2024-09-12 21:47:51,970 [Worker-30: Building] INFO  o.e.m.c.i.embedder.EclipseLogger - skip non existing resourceDirectory /Users/manideepakula/Documents/workspace-spring-tool-suite-4-4.24.0.RELEASE/workspace/Zipkin/OrderServiceApp/src/test/resources
2024-09-12 21:49:10,319 [Worker-37: Building] INFO  o.e.m.c.i.l.LifecycleMappingFactory - Using org.eclipse.m2e.jdt.JarLifecycleMapping lifecycle mapping for MavenProject: com.example:OrderServiceApp:0.0.1-SNAPSHOT @ /Users/manideepakula/Documents/workspace-spring-tool-suite-4-4.24.0.RELEASE/workspace/Zipkin/OrderServiceApp/pom.xml.
2024-09-12 21:49:10,754 [Worker-37: Building] INFO  o.e.m.c.i.embedder.EclipseLogger - Using 'UTF-8' encoding to copy filtered resources.
2024-09-12 21:49:10,754 [Worker-37: Building] INFO  o.e.m.c.i.embedder.EclipseLogger - Copying 0 resource
2024-09-12 21:49:10,755 [Worker-37: Building] INFO  o.e.m.c.i.embedder.EclipseLogger - Copying 0 resource
2024-09-12 21:49:10,764 [Worker-37: Building] INFO  o.e.m.c.i.embedder.EclipseLogger - Using 'UTF-8' encoding to copy filtered resources.
2024-09-12 21:49:10,764 [Worker-37: Building] INFO  o.e.m.c.i.embedder.EclipseLogger - skip non existing resourceDirectory /Users/manideepakula/Documents/workspace-spring-tool-suite-4-4.24.0.RELEASE/workspace/Zipkin/OrderServiceApp/src/test/resources
2024-09-12 21:49:11,921 [Worker-39: Building] INFO  o.e.m.c.i.embedder.EclipseLogger - Using 'UTF-8' encoding to copy filtered resources.
2024-09-12 21:49:11,921 [Worker-39: Building] INFO  o.e.m.c.i.embedder.EclipseLogger - Copying 2 resources
2024-09-12 21:49:11,922 [Worker-39: Building] INFO  o.e.m.c.i.embedder.EclipseLogger - Copying 0 resource
2024-09-12 21:49:11,923 [Worker-39: Building] INFO  o.e.m.c.i.embedder.EclipseLogger - Using 'UTF-8' encoding to copy filtered resources.
2024-09-12 21:49:11,923 [Worker-39: Building] INFO  o.e.m.c.i.embedder.EclipseLogger - skip non existing resourceDirectory /Users/manideepakula/Documents/workspace-spring-tool-suite-4-4.24.0.RELEASE/workspace/Zipkin/OrderServiceApp/src/test/resources
2024-09-12 21:55:35,503 [Worker-36: Building] INFO  o.e.m.c.i.embedder.EclipseLogger - Using 'UTF-8' encoding to copy filtered resources.
2024-09-12 21:55:35,504 [Worker-36: Building] INFO  o.e.m.c.i.embedder.EclipseLogger - Using 'UTF-8' encoding to copy filtered properties files.
2024-09-12 21:55:35,505 [Worker-36: Building] INFO  o.e.m.c.i.embedder.EclipseLogger - Copying 2 resources
2024-09-12 21:55:35,523 [Worker-36: Building] INFO  o.e.m.c.i.embedder.EclipseLogger - Copying 0 resource
2024-09-12 21:55:35,525 [Worker-36: Building] INFO  o.e.m.c.i.embedder.EclipseLogger - Using 'UTF-8' encoding to copy filtered resources.
2024-09-12 21:55:35,525 [Worker-36: Building] INFO  o.e.m.c.i.embedder.EclipseLogger - Using 'UTF-8' encoding to copy filtered properties files.
2024-09-12 21:55:35,525 [Worker-36: Building] INFO  o.e.m.c.i.embedder.EclipseLogger - skip non existing resourceDirectory /Users/manideepakula/Documents/workspace-spring-tool-suite-4-4.24.0.RELEASE/workspace/Zipkin/ApiGateWayService/src/test/resources
2024-09-12 21:56:06,646 [Worker-27: Building] INFO  o.e.m.c.i.l.LifecycleMappingFactory - Using org.eclipse.m2e.jdt.JarLifecycleMapping lifecycle mapping for MavenProject: com.info:ApiGateWayService:1.0 @ /Users/manideepakula/Documents/workspace-spring-tool-suite-4-4.24.0.RELEASE/workspace/Zipkin/ApiGateWayService/pom.xml.
2024-09-12 21:56:07,020 [Worker-27: Building] INFO  o.e.m.c.i.embedder.EclipseLogger - Using 'UTF-8' encoding to copy filtered resources.
2024-09-12 21:56:07,020 [Worker-27: Building] INFO  o.e.m.c.i.embedder.EclipseLogger - Using 'UTF-8' encoding to copy filtered properties files.
2024-09-12 21:56:07,021 [Worker-27: Building] INFO  o.e.m.c.i.embedder.EclipseLogger - Copying 0 resource
2024-09-12 21:56:07,021 [Worker-27: Building] INFO  o.e.m.c.i.embedder.EclipseLogger - Copying 0 resource
2024-09-12 21:56:07,023 [Worker-27: Building] INFO  o.e.m.c.i.embedder.EclipseLogger - Using 'UTF-8' encoding to copy filtered resources.
2024-09-12 21:56:07,023 [Worker-27: Building] INFO  o.e.m.c.i.embedder.EclipseLogger - Using 'UTF-8' encoding to copy filtered properties files.
2024-09-12 21:56:07,023 [Worker-27: Building] INFO  o.e.m.c.i.embedder.EclipseLogger - skip non existing resourceDirectory /Users/manideepakula/Documents/workspace-spring-tool-suite-4-4.24.0.RELEASE/workspace/Zipkin/ApiGateWayService/src/test/resources
2024-09-12 21:56:08,207 [Worker-37: Building] INFO  o.e.m.c.i.embedder.EclipseLogger - Using 'UTF-8' encoding to copy filtered resources.
2024-09-12 21:56:08,207 [Worker-37: Building] INFO  o.e.m.c.i.embedder.EclipseLogger - Using 'UTF-8' encoding to copy filtered properties files.
2024-09-12 21:56:08,207 [Worker-37: Building] INFO  o.e.m.c.i.embedder.EclipseLogger - Copying 2 resources
2024-09-12 21:56:08,213 [Worker-37: Building] INFO  o.e.m.c.i.embedder.EclipseLogger - Copying 0 resource
2024-09-12 21:56:08,214 [Worker-37: Building] INFO  o.e.m.c.i.embedder.EclipseLogger - Using 'UTF-8' encoding to copy filtered resources.
2024-09-12 21:56:08,214 [Worker-37: Building] INFO  o.e.m.c.i.embedder.EclipseLogger - Using 'UTF-8' encoding to copy filtered properties files.
2024-09-12 21:56:08,214 [Worker-37: Building] INFO  o.e.m.c.i.embedder.EclipseLogger - skip non existing resourceDirectory /Users/manideepakula/Documents/workspace-spring-tool-suite-4-4.24.0.RELEASE/workspace/Zipkin/ApiGateWayService/src/test/resources
2024-09-12 21:56:40,397 [Worker-40: Building] INFO  o.e.m.c.i.embedder.EclipseLogger - Using 'UTF-8' encoding to copy filtered resources.
2024-09-12 21:56:40,397 [Worker-40: Building] INFO  o.e.m.c.i.embedder.EclipseLogger - Using 'UTF-8' encoding to copy filtered properties files.
2024-09-12 21:56:40,398 [Worker-40: Building] INFO  o.e.m.c.i.embedder.EclipseLogger - Copying 2 resources
2024-09-12 21:56:40,402 [Worker-40: Building] INFO  o.e.m.c.i.embedder.EclipseLogger - Copying 0 resource
2024-09-12 21:56:40,404 [Worker-40: Building] INFO  o.e.m.c.i.embedder.EclipseLogger - Using 'UTF-8' encoding to copy filtered resources.
2024-09-12 21:56:40,404 [Worker-40: Building] INFO  o.e.m.c.i.embedder.EclipseLogger - Using 'UTF-8' encoding to copy filtered properties files.
2024-09-12 21:56:40,404 [Worker-40: Building] INFO  o.e.m.c.i.embedder.EclipseLogger - skip non existing resourceDirectory /Users/manideepakula/Documents/workspace-spring-tool-suite-4-4.24.0.RELEASE/workspace/Zipkin/ApiGateWayService/src/test/resources
2024-09-12 21:59:12,695 [Worker-30: Building] INFO  o.e.m.c.i.embedder.EclipseLogger - Using 'UTF-8' encoding to copy filtered resources.
2024-09-12 21:59:12,696 [Worker-30: Building] INFO  o.e.m.c.i.embedder.EclipseLogger - Using 'UTF-8' encoding to copy filtered properties files.
2024-09-12 21:59:12,696 [Worker-30: Building] INFO  o.e.m.c.i.embedder.EclipseLogger - Copying 2 resources
2024-09-12 21:59:12,710 [Worker-30: Building] INFO  o.e.m.c.i.embedder.EclipseLogger - Copying 0 resource
2024-09-12 21:59:12,712 [Worker-30: Building] INFO  o.e.m.c.i.embedder.EclipseLogger - Using 'UTF-8' encoding to copy filtered resources.
2024-09-12 21:59:12,712 [Worker-30: Building] INFO  o.e.m.c.i.embedder.EclipseLogger - Using 'UTF-8' encoding to copy filtered properties files.
2024-09-12 21:59:12,712 [Worker-30: Building] INFO  o.e.m.c.i.embedder.EclipseLogger - skip non existing resourceDirectory /Users/manideepakula/Documents/workspace-spring-tool-suite-4-4.24.0.RELEASE/workspace/Zipkin/ApiGateWayService/src/test/resources
2024-09-12 22:09:59,032 [Worker-37: Building] INFO  o.e.m.c.i.embedder.EclipseLogger - Using 'UTF-8' encoding to copy filtered resources.
2024-09-12 22:09:59,034 [Worker-37: Building] INFO  o.e.m.c.i.embedder.EclipseLogger - Using 'UTF-8' encoding to copy filtered properties files.
2024-09-12 22:09:59,034 [Worker-37: Building] INFO  o.e.m.c.i.embedder.EclipseLogger - Copying 1 resource
2024-09-12 22:09:59,039 [Worker-37: Building] INFO  o.e.m.c.i.embedder.EclipseLogger - Copying 0 resource
2024-09-12 22:09:59,040 [Worker-37: Building] INFO  o.e.m.c.i.embedder.EclipseLogger - Using 'UTF-8' encoding to copy filtered resources.
2024-09-12 22:09:59,040 [Worker-37: Building] INFO  o.e.m.c.i.embedder.EclipseLogger - Using 'UTF-8' encoding to copy filtered properties files.
2024-09-12 22:09:59,040 [Worker-37: Building] INFO  o.e.m.c.i.embedder.EclipseLogger - skip non existing resourceDirectory /Users/manideepakula/Documents/workspace-spring-tool-suite-4-4.24.0.RELEASE/workspace/Zipkin/ApiGateWayService/src/test/resources
