2024-09-13 10:18:21,301 [Worker-6: Loading available Gradle versions] INFO  o.e.b.c.i.u.g.PublishedGradleVersions - Gradle version information cache is out-of-date. Trying to update.
2024-09-13 10:18:42,341 [Worker-11: Building] INFO  o.e.m.c.i.l.LifecycleMappingFactory - Using org.eclipse.m2e.jdt.JarLifecycleMapping lifecycle mapping for MavenProject: com.info:ApiGateWayService:1.0 @ /Users/manideepakula/Documents/workspace-spring-tool-suite-4-4.24.0.RELEASE/workspace/Project_Task/ApiGateWayService/pom.xml.
2024-09-13 10:18:43,408 [Worker-11: Building] INFO  o.e.m.c.i.embedder.EclipseLogger - Using 'UTF-8' encoding to copy filtered resources.
2024-09-13 10:18:43,408 [Worker-11: Building] INFO  o.e.m.c.i.embedder.EclipseLogger - Using 'UTF-8' encoding to copy filtered properties files.
2024-09-13 10:18:43,418 [Worker-11: Building] INFO  o.e.m.c.i.embedder.EclipseLogger - Copying 2 resources
2024-09-13 10:18:43,433 [Worker-11: Building] INFO  o.e.m.c.i.embedder.EclipseLogger - Copying 0 resource
2024-09-13 10:18:43,439 [Worker-11: Building] INFO  o.e.m.c.i.embedder.EclipseLogger - Using 'UTF-8' encoding to copy filtered resources.
2024-09-13 10:18:43,439 [Worker-11: Building] INFO  o.e.m.c.i.embedder.EclipseLogger - Using 'UTF-8' encoding to copy filtered properties files.
2024-09-13 10:18:43,439 [Worker-11: Building] INFO  o.e.m.c.i.embedder.EclipseLogger - skip non existing resourceDirectory /Users/manideepakula/Documents/workspace-spring-tool-suite-4-4.24.0.RELEASE/workspace/Project_Task/ApiGateWayService/src/test/resources
2024-09-13 10:18:43,851 [Worker-4: Building] INFO  o.e.m.c.i.embedder.EclipseLogger - Using 'UTF-8' encoding to copy filtered resources.
2024-09-13 10:18:43,852 [Worker-4: Building] INFO  o.e.m.c.i.embedder.EclipseLogger - Using 'UTF-8' encoding to copy filtered properties files.
2024-09-13 10:18:43,852 [Worker-4: Building] INFO  o.e.m.c.i.embedder.EclipseLogger - Copying 2 resources
2024-09-13 10:18:43,853 [Worker-4: Building] INFO  o.e.m.c.i.embedder.EclipseLogger - Copying 0 resource
2024-09-13 10:18:43,855 [Worker-4: Building] INFO  o.e.m.c.i.embedder.EclipseLogger - Using 'UTF-8' encoding to copy filtered resources.
2024-09-13 10:18:43,855 [Worker-4: Building] INFO  o.e.m.c.i.embedder.EclipseLogger - Using 'UTF-8' encoding to copy filtered properties files.
2024-09-13 10:18:43,855 [Worker-4: Building] INFO  o.e.m.c.i.embedder.EclipseLogger - skip non existing resourceDirectory /Users/manideepakula/Documents/workspace-spring-tool-suite-4-4.24.0.RELEASE/workspace/Project_Task/ApiGateWayService/src/test/resources
2024-09-13 10:18:44,086 [Worker-4: Building] INFO  o.e.m.c.i.l.LifecycleMappingFactory - Using org.eclipse.m2e.jdt.JarLifecycleMapping lifecycle mapping for MavenProject: com.example:EurekaServerProject:0.0.1-SNAPSHOT @ /Users/manideepakula/Documents/workspace-spring-tool-suite-4-4.24.0.RELEASE/workspace/Project_Task/EurekaServerProject/pom.xml.
2024-09-13 10:18:44,786 [Worker-4: Building] INFO  o.e.m.c.i.embedder.EclipseLogger - Using 'UTF-8' encoding to copy filtered resources.
2024-09-13 10:18:44,786 [Worker-4: Building] INFO  o.e.m.c.i.embedder.EclipseLogger - Copying 2 resources
2024-09-13 10:18:44,794 [Worker-4: Building] INFO  o.e.m.c.i.embedder.EclipseLogger - Copying 1 resource
2024-09-13 10:18:44,798 [Worker-4: Building] INFO  o.e.m.c.i.embedder.EclipseLogger - Using 'UTF-8' encoding to copy filtered resources.
2024-09-13 10:18:44,798 [Worker-4: Building] INFO  o.e.m.c.i.embedder.EclipseLogger - skip non existing resourceDirectory /Users/manideepakula/Documents/workspace-spring-tool-suite-4-4.24.0.RELEASE/workspace/Project_Task/EurekaServerProject/src/test/resources
2024-09-13 10:18:45,054 [Worker-6: Building] INFO  o.e.m.c.i.embedder.EclipseLogger - Using 'UTF-8' encoding to copy filtered resources.
2024-09-13 10:18:45,054 [Worker-6: Building] INFO  o.e.m.c.i.embedder.EclipseLogger - Copying 2 resources
2024-09-13 10:18:45,055 [Worker-6: Building] INFO  o.e.m.c.i.embedder.EclipseLogger - Copying 1 resource
2024-09-13 10:18:45,057 [Worker-6: Building] INFO  o.e.m.c.i.embedder.EclipseLogger - Using 'UTF-8' encoding to copy filtered resources.
2024-09-13 10:18:45,057 [Worker-6: Building] INFO  o.e.m.c.i.embedder.EclipseLogger - skip non existing resourceDirectory /Users/manideepakula/Documents/workspace-spring-tool-suite-4-4.24.0.RELEASE/workspace/Project_Task/EurekaServerProject/src/test/resources
2024-09-13 10:18:45,261 [Worker-6: Building] INFO  o.e.m.c.i.l.LifecycleMappingFactory - Using org.eclipse.m2e.jdt.JarLifecycleMapping lifecycle mapping for MavenProject: com.example:OrderServiceApp:0.0.1-SNAPSHOT @ /Users/manideepakula/Documents/workspace-spring-tool-suite-4-4.24.0.RELEASE/workspace/Project_Task/OrderServiceApp/pom.xml.
2024-09-13 10:18:45,771 [Worker-6: Building] INFO  o.e.m.c.i.embedder.EclipseLogger - Using 'UTF-8' encoding to copy filtered resources.
2024-09-13 10:18:45,771 [Worker-6: Building] INFO  o.e.m.c.i.embedder.EclipseLogger - Copying 2 resources
2024-09-13 10:18:45,772 [Worker-6: Building] INFO  o.e.m.c.i.embedder.EclipseLogger - Copying 0 resource
2024-09-13 10:18:45,774 [Worker-6: Building] INFO  o.e.m.c.i.embedder.EclipseLogger - Using 'UTF-8' encoding to copy filtered resources.
2024-09-13 10:18:45,774 [Worker-6: Building] INFO  o.e.m.c.i.embedder.EclipseLogger - skip non existing resourceDirectory /Users/manideepakula/Documents/workspace-spring-tool-suite-4-4.24.0.RELEASE/workspace/Project_Task/OrderServiceApp/src/test/resources
2024-09-13 10:18:46,052 [Worker-15: Building] INFO  o.e.m.c.i.embedder.EclipseLogger - Using 'UTF-8' encoding to copy filtered resources.
2024-09-13 10:18:46,052 [Worker-15: Building] INFO  o.e.m.c.i.embedder.EclipseLogger - Copying 2 resources
2024-09-13 10:18:46,053 [Worker-15: Building] INFO  o.e.m.c.i.embedder.EclipseLogger - Copying 0 resource
2024-09-13 10:18:46,057 [Worker-15: Building] INFO  o.e.m.c.i.embedder.EclipseLogger - Using 'UTF-8' encoding to copy filtered resources.
2024-09-13 10:18:46,058 [Worker-15: Building] INFO  o.e.m.c.i.embedder.EclipseLogger - skip non existing resourceDirectory /Users/manideepakula/Documents/workspace-spring-tool-suite-4-4.24.0.RELEASE/workspace/Project_Task/OrderServiceApp/src/test/resources
2024-09-13 10:18:46,191 [Worker-15: Building] INFO  o.e.m.c.i.l.LifecycleMappingFactory - Using org.eclipse.m2e.jdt.JarLifecycleMapping lifecycle mapping for MavenProject: com.example:PaymentServiceApp:0.0.1-SNAPSHOT @ /Users/manideepakula/Documents/workspace-spring-tool-suite-4-4.24.0.RELEASE/workspace/Project_Task/PaymentServiceApp/pom.xml.
2024-09-13 10:18:46,513 [Worker-15: Building] INFO  o.e.m.c.i.embedder.EclipseLogger - Using 'UTF-8' encoding to copy filtered resources.
2024-09-13 10:18:46,513 [Worker-15: Building] INFO  o.e.m.c.i.embedder.EclipseLogger - Copying 2 resources
2024-09-13 10:18:46,514 [Worker-15: Building] INFO  o.e.m.c.i.embedder.EclipseLogger - Copying 0 resource
2024-09-13 10:18:46,515 [Worker-15: Building] INFO  o.e.m.c.i.embedder.EclipseLogger - Using 'UTF-8' encoding to copy filtered resources.
2024-09-13 10:18:46,516 [Worker-15: Building] INFO  o.e.m.c.i.embedder.EclipseLogger - skip non existing resourceDirectory /Users/manideepakula/Documents/workspace-spring-tool-suite-4-4.24.0.RELEASE/workspace/Project_Task/PaymentServiceApp/src/test/resources
2024-09-13 10:18:46,639 [Worker-15: Building] INFO  o.e.m.c.i.l.LifecycleMappingFactory - Using org.eclipse.m2e.jdt.JarLifecycleMapping lifecycle mapping for MavenProject: com.example:ProductServiceApp:0.0.1-SNAPSHOT @ /Users/manideepakula/Documents/workspace-spring-tool-suite-4-4.24.0.RELEASE/workspace/Project_Task/ProductServiceApp/pom.xml.
2024-09-13 10:18:46,889 [Worker-15: Building] INFO  o.e.m.c.i.embedder.EclipseLogger - Using 'UTF-8' encoding to copy filtered resources.
2024-09-13 10:18:46,889 [Worker-15: Building] INFO  o.e.m.c.i.embedder.EclipseLogger - Copying 2 resources
2024-09-13 10:18:46,890 [Worker-15: Building] INFO  o.e.m.c.i.embedder.EclipseLogger - Copying 0 resource
2024-09-13 10:18:46,891 [Worker-15: Building] INFO  o.e.m.c.i.embedder.EclipseLogger - Using 'UTF-8' encoding to copy filtered resources.
2024-09-13 10:18:46,892 [Worker-15: Building] INFO  o.e.m.c.i.embedder.EclipseLogger - skip non existing resourceDirectory /Users/manideepakula/Documents/workspace-spring-tool-suite-4-4.24.0.RELEASE/workspace/Project_Task/ProductServiceApp/src/test/resources
2024-09-13 10:18:47,988 [Worker-3: Building] INFO  o.e.m.c.i.embedder.EclipseLogger - Using 'UTF-8' encoding to copy filtered resources.
2024-09-13 10:18:47,988 [Worker-3: Building] INFO  o.e.m.c.i.embedder.EclipseLogger - Copying 2 resources
2024-09-13 10:18:47,989 [Worker-3: Building] INFO  o.e.m.c.i.embedder.EclipseLogger - Copying 0 resource
2024-09-13 10:18:47,990 [Worker-3: Building] INFO  o.e.m.c.i.embedder.EclipseLogger - Using 'UTF-8' encoding to copy filtered resources.
2024-09-13 10:18:47,990 [Worker-3: Building] INFO  o.e.m.c.i.embedder.EclipseLogger - skip non existing resourceDirectory /Users/manideepakula/Documents/workspace-spring-tool-suite-4-4.24.0.RELEASE/workspace/Project_Task/PaymentServiceApp/src/test/resources
2024-09-13 10:18:48,058 [Worker-3: Building] INFO  o.e.m.c.i.embedder.EclipseLogger - Using 'UTF-8' encoding to copy filtered resources.
2024-09-13 10:18:48,058 [Worker-3: Building] INFO  o.e.m.c.i.embedder.EclipseLogger - Copying 2 resources
2024-09-13 10:18:48,060 [Worker-3: Building] INFO  o.e.m.c.i.embedder.EclipseLogger - Copying 0 resource
2024-09-13 10:18:48,061 [Worker-3: Building] INFO  o.e.m.c.i.embedder.EclipseLogger - Using 'UTF-8' encoding to copy filtered resources.
2024-09-13 10:18:48,061 [Worker-3: Building] INFO  o.e.m.c.i.embedder.EclipseLogger - skip non existing resourceDirectory /Users/manideepakula/Documents/workspace-spring-tool-suite-4-4.24.0.RELEASE/workspace/Project_Task/ProductServiceApp/src/test/resources
2024-09-13 10:19:32,097 [Worker-1: Updating Maven Project] INFO  o.e.m.c.i.p.ProjectConfigurationManager - Update started
2024-09-13 10:19:32,533 [Worker-1: Updating Maven Project] INFO  o.e.m.c.i.l.LifecycleMappingFactory - Using org.eclipse.m2e.jdt.JarLifecycleMapping lifecycle mapping for MavenProject: com.info:ApiGateWayService:1.0 @ /Users/manideepakula/Documents/workspace-spring-tool-suite-4-4.24.0.RELEASE/workspace/Project_Task/ApiGateWayService/pom.xml.
2024-09-13 10:19:32,757 [Worker-1: Updating Maven Project] INFO  o.e.m.c.i.l.LifecycleMappingFactory - Using org.eclipse.m2e.jdt.JarLifecycleMapping lifecycle mapping for MavenProject: com.example:EurekaServerProject:0.0.1-SNAPSHOT @ /Users/manideepakula/Documents/workspace-spring-tool-suite-4-4.24.0.RELEASE/workspace/Project_Task/EurekaServerProject/pom.xml.
2024-09-13 10:19:32,912 [Worker-1: Updating Maven Project] INFO  o.e.m.c.i.l.LifecycleMappingFactory - Using org.eclipse.m2e.jdt.JarLifecycleMapping lifecycle mapping for MavenProject: com.example:OrderServiceApp:0.0.1-SNAPSHOT @ /Users/manideepakula/Documents/workspace-spring-tool-suite-4-4.24.0.RELEASE/workspace/Project_Task/OrderServiceApp/pom.xml.
2024-09-13 10:19:32,997 [Worker-1: Updating Maven Project] INFO  o.e.m.c.i.l.LifecycleMappingFactory - Using org.eclipse.m2e.jdt.JarLifecycleMapping lifecycle mapping for MavenProject: com.example:PaymentServiceApp:0.0.1-SNAPSHOT @ /Users/manideepakula/Documents/workspace-spring-tool-suite-4-4.24.0.RELEASE/workspace/Project_Task/PaymentServiceApp/pom.xml.
2024-09-13 10:19:33,019 [Worker-1: Updating Maven Project] INFO  o.e.m.c.i.l.LifecycleMappingFactory - Using org.eclipse.m2e.jdt.JarLifecycleMapping lifecycle mapping for MavenProject: com.example:ProductServiceApp:0.0.1-SNAPSHOT @ /Users/manideepakula/Documents/workspace-spring-tool-suite-4-4.24.0.RELEASE/workspace/Project_Task/ProductServiceApp/pom.xml.
2024-09-13 10:19:33,330 [Worker-1: Updating Maven Project] INFO  o.e.m.j.i.AbstractJavaProjectConfigurator - Adding source folder /ApiGateWayService/src/main/java
2024-09-13 10:19:33,330 [Worker-1: Updating Maven Project] INFO  o.e.m.j.i.AbstractJavaProjectConfigurator - Adding resource folder /ApiGateWayService/src/main/resources
2024-09-13 10:19:33,331 [Worker-1: Updating Maven Project] INFO  o.e.m.j.i.AbstractJavaProjectConfigurator - Adding resource folder /ApiGateWayService/src/main/resources
2024-09-13 10:19:33,331 [Worker-1: Updating Maven Project] INFO  o.e.m.j.i.AbstractJavaProjectConfigurator - Adding source folder /ApiGateWayService/src/test/java
2024-09-13 10:19:33,331 [Worker-1: Updating Maven Project] INFO  o.e.m.j.i.AbstractJavaProjectConfigurator - Adding resource folder /ApiGateWayService/src/test/resources
2024-09-13 10:19:33,605 [Worker-1: Updating Maven Project] INFO  o.e.m.j.i.AbstractJavaProjectConfigurator - Adding source folder /EurekaServerProject/src/main/java
2024-09-13 10:19:33,605 [Worker-1: Updating Maven Project] INFO  o.e.m.j.i.AbstractJavaProjectConfigurator - Adding resource folder /EurekaServerProject/src/main/resources
2024-09-13 10:19:33,606 [Worker-1: Updating Maven Project] INFO  o.e.m.j.i.AbstractJavaProjectConfigurator - Adding resource folder /EurekaServerProject/src/main/resources
2024-09-13 10:19:33,607 [Worker-1: Updating Maven Project] INFO  o.e.m.j.i.AbstractJavaProjectConfigurator - Adding source folder /EurekaServerProject/src/test/java
2024-09-13 10:19:33,607 [Worker-1: Updating Maven Project] INFO  o.e.m.j.i.AbstractJavaProjectConfigurator - Adding resource folder /EurekaServerProject/src/test/resources
2024-09-13 10:19:33,714 [Worker-1: Updating Maven Project] INFO  o.e.m.j.i.AbstractJavaProjectConfigurator - Adding source folder /OrderServiceApp/src/main/java
2024-09-13 10:19:33,715 [Worker-1: Updating Maven Project] INFO  o.e.m.j.i.AbstractJavaProjectConfigurator - Adding resource folder /OrderServiceApp/src/main/resources
2024-09-13 10:19:33,715 [Worker-1: Updating Maven Project] INFO  o.e.m.j.i.AbstractJavaProjectConfigurator - Adding resource folder /OrderServiceApp/src/main/resources
2024-09-13 10:19:33,717 [Worker-1: Updating Maven Project] INFO  o.e.m.j.i.AbstractJavaProjectConfigurator - Adding source folder /OrderServiceApp/src/test/java
2024-09-13 10:19:33,717 [Worker-1: Updating Maven Project] INFO  o.e.m.j.i.AbstractJavaProjectConfigurator - Adding resource folder /OrderServiceApp/src/test/resources
2024-09-13 10:19:33,791 [Worker-1: Updating Maven Project] INFO  o.e.m.j.i.AbstractJavaProjectConfigurator - Adding source folder /PaymentServiceApp/src/main/java
2024-09-13 10:19:33,791 [Worker-1: Updating Maven Project] INFO  o.e.m.j.i.AbstractJavaProjectConfigurator - Adding resource folder /PaymentServiceApp/src/main/resources
2024-09-13 10:19:33,791 [Worker-1: Updating Maven Project] INFO  o.e.m.j.i.AbstractJavaProjectConfigurator - Adding resource folder /PaymentServiceApp/src/main/resources
2024-09-13 10:19:33,792 [Worker-1: Updating Maven Project] INFO  o.e.m.j.i.AbstractJavaProjectConfigurator - Adding source folder /PaymentServiceApp/src/test/java
2024-09-13 10:19:33,792 [Worker-1: Updating Maven Project] INFO  o.e.m.j.i.AbstractJavaProjectConfigurator - Adding resource folder /PaymentServiceApp/src/test/resources
2024-09-13 10:19:33,846 [Worker-1: Updating Maven Project] INFO  o.e.m.j.i.AbstractJavaProjectConfigurator - Adding source folder /ProductServiceApp/src/main/java
2024-09-13 10:19:33,846 [Worker-1: Updating Maven Project] INFO  o.e.m.j.i.AbstractJavaProjectConfigurator - Adding resource folder /ProductServiceApp/src/main/resources
2024-09-13 10:19:33,847 [Worker-1: Updating Maven Project] INFO  o.e.m.j.i.AbstractJavaProjectConfigurator - Adding resource folder /ProductServiceApp/src/main/resources
2024-09-13 10:19:33,848 [Worker-1: Updating Maven Project] INFO  o.e.m.j.i.AbstractJavaProjectConfigurator - Adding source folder /ProductServiceApp/src/test/java
2024-09-13 10:19:33,848 [Worker-1: Updating Maven Project] INFO  o.e.m.j.i.AbstractJavaProjectConfigurator - Adding resource folder /ProductServiceApp/src/test/resources
2024-09-13 10:19:34,035 [Worker-1: Updating Maven Project] INFO  o.e.m.c.i.p.ProjectConfigurationManager - Update completed for 5 poms: local refresh takes 0.00 sec, refresh facades takes 1.00 sec, update config takes 0.00 sec 
2024-09-13 10:19:34,234 [Worker-15: Building] INFO  o.e.m.c.i.embedder.EclipseLogger - Using 'UTF-8' encoding to copy filtered resources.
2024-09-13 10:19:34,234 [Worker-15: Building] INFO  o.e.m.c.i.embedder.EclipseLogger - Using 'UTF-8' encoding to copy filtered properties files.
2024-09-13 10:19:34,234 [Worker-15: Building] INFO  o.e.m.c.i.embedder.EclipseLogger - Copying 2 resources
2024-09-13 10:19:34,241 [Worker-15: Building] INFO  o.e.m.c.i.embedder.EclipseLogger - Copying 0 resource
2024-09-13 10:19:34,243 [Worker-15: Building] INFO  o.e.m.c.i.embedder.EclipseLogger - Using 'UTF-8' encoding to copy filtered resources.
2024-09-13 10:19:34,243 [Worker-15: Building] INFO  o.e.m.c.i.embedder.EclipseLogger - Using 'UTF-8' encoding to copy filtered properties files.
2024-09-13 10:19:34,243 [Worker-15: Building] INFO  o.e.m.c.i.embedder.EclipseLogger - skip non existing resourceDirectory /Users/manideepakula/Documents/workspace-spring-tool-suite-4-4.24.0.RELEASE/workspace/Project_Task/ApiGateWayService/src/test/resources
2024-09-13 10:19:34,381 [Worker-15: Building] INFO  o.e.m.c.i.embedder.EclipseLogger - Using 'UTF-8' encoding to copy filtered resources.
2024-09-13 10:19:34,382 [Worker-15: Building] INFO  o.e.m.c.i.embedder.EclipseLogger - Copying 2 resources
2024-09-13 10:19:34,387 [Worker-15: Building] INFO  o.e.m.c.i.embedder.EclipseLogger - Copying 1 resource
2024-09-13 10:19:34,389 [Worker-15: Building] INFO  o.e.m.c.i.embedder.EclipseLogger - Using 'UTF-8' encoding to copy filtered resources.
2024-09-13 10:19:34,389 [Worker-15: Building] INFO  o.e.m.c.i.embedder.EclipseLogger - skip non existing resourceDirectory /Users/manideepakula/Documents/workspace-spring-tool-suite-4-4.24.0.RELEASE/workspace/Project_Task/EurekaServerProject/src/test/resources
2024-09-13 10:19:34,523 [Worker-15: Building] INFO  o.e.m.c.i.embedder.EclipseLogger - Using 'UTF-8' encoding to copy filtered resources.
2024-09-13 10:19:34,523 [Worker-15: Building] INFO  o.e.m.c.i.embedder.EclipseLogger - Copying 2 resources
2024-09-13 10:19:34,524 [Worker-15: Building] INFO  o.e.m.c.i.embedder.EclipseLogger - Copying 0 resource
2024-09-13 10:19:34,526 [Worker-15: Building] INFO  o.e.m.c.i.embedder.EclipseLogger - Using 'UTF-8' encoding to copy filtered resources.
2024-09-13 10:19:34,526 [Worker-15: Building] INFO  o.e.m.c.i.embedder.EclipseLogger - skip non existing resourceDirectory /Users/manideepakula/Documents/workspace-spring-tool-suite-4-4.24.0.RELEASE/workspace/Project_Task/OrderServiceApp/src/test/resources
2024-09-13 10:19:34,564 [Worker-15: Building] INFO  o.e.m.c.i.embedder.EclipseLogger - Using 'UTF-8' encoding to copy filtered resources.
2024-09-13 10:19:34,564 [Worker-15: Building] INFO  o.e.m.c.i.embedder.EclipseLogger - Copying 2 resources
2024-09-13 10:19:34,565 [Worker-15: Building] INFO  o.e.m.c.i.embedder.EclipseLogger - Copying 0 resource
2024-09-13 10:19:34,567 [Worker-15: Building] INFO  o.e.m.c.i.embedder.EclipseLogger - Using 'UTF-8' encoding to copy filtered resources.
2024-09-13 10:19:34,567 [Worker-15: Building] INFO  o.e.m.c.i.embedder.EclipseLogger - skip non existing resourceDirectory /Users/manideepakula/Documents/workspace-spring-tool-suite-4-4.24.0.RELEASE/workspace/Project_Task/PaymentServiceApp/src/test/resources
2024-09-13 10:19:34,592 [Worker-15: Building] INFO  o.e.m.c.i.embedder.EclipseLogger - Using 'UTF-8' encoding to copy filtered resources.
2024-09-13 10:19:34,593 [Worker-15: Building] INFO  o.e.m.c.i.embedder.EclipseLogger - Copying 2 resources
2024-09-13 10:19:34,593 [Worker-15: Building] INFO  o.e.m.c.i.embedder.EclipseLogger - Copying 0 resource
2024-09-13 10:19:34,594 [Worker-15: Building] INFO  o.e.m.c.i.embedder.EclipseLogger - Using 'UTF-8' encoding to copy filtered resources.
2024-09-13 10:19:34,595 [Worker-15: Building] INFO  o.e.m.c.i.embedder.EclipseLogger - skip non existing resourceDirectory /Users/manideepakula/Documents/workspace-spring-tool-suite-4-4.24.0.RELEASE/workspace/Project_Task/ProductServiceApp/src/test/resources
