2024-09-23 18:56:26.541  INFO [Eureka-Server,,,] 52884 --- [restartedMain] c.c.c.ConfigServicePropertySourceLocator : Fetching config from server at : http://localhost:8888
2024-09-23 18:56:26.583  INFO [Eureka-Server,,,] 52884 --- [restartedMain] c.c.c.ConfigServicePropertySourceLocator : Connect Timeout Exception on Url - http://localhost:8888. Will be trying the next url if available
2024-09-23 18:56:26.583  WARN [Eureka-Server,,,] 52884 --- [restartedMain] c.c.c.ConfigServicePropertySourceLocator : Could not locate PropertySource: I/O error on GET request for "http://localhost:8888/order-service/default": Connection refused; nested exception is java.net.ConnectException: Connection refused
2024-09-23 18:56:26.584  INFO [Eureka-Server,,,] 52884 --- [restartedMain] c.e.ansh.OrderServiceAppApplication      : No active profile set, falling back to default profiles: default
2024-09-23 18:56:27.061  INFO [Eureka-Server,,,] 52884 --- [restartedMain] .s.d.r.c.RepositoryConfigurationDelegate : Bootstrapping Spring Data JPA repositories in DEFAULT mode.
2024-09-23 18:56:27.121  INFO [Eureka-Server,,,] 52884 --- [restartedMain] .s.d.r.c.RepositoryConfigurationDelegate : Finished Spring Data repository scanning in 56ms. Found 2 JPA repository interfaces.
2024-09-23 18:56:27.176  WARN [Eureka-Server,,,] 52884 --- [restartedMain] o.s.boot.actuate.endpoint.EndpointId     : Endpoint ID 'service-registry' contains invalid characters, please migrate to a valid format.
2024-09-23 18:56:27.221  WARN [Eureka-Server,,,] 52884 --- [restartedMain] o.s.boot.actuate.endpoint.EndpointId     : Endpoint ID 'hystrix.stream' contains invalid characters, please migrate to a valid format.
2024-09-23 18:56:27.316  INFO [Eureka-Server,,,] 52884 --- [restartedMain] o.s.cloud.context.scope.GenericScope     : BeanFactory id=72988950-60e6-36e5-b62d-8886749ba600
2024-09-23 18:56:27.707  INFO [Eureka-Server,,,] 52884 --- [restartedMain] o.s.b.w.embedded.tomcat.TomcatWebServer  : Tomcat initialized with port(s): 8014 (http)
2024-09-23 18:56:27.712  INFO [Eureka-Server,,,] 52884 --- [restartedMain] o.apache.catalina.core.StandardService   : Starting service [Tomcat]
2024-09-23 18:56:27.712  INFO [Eureka-Server,,,] 52884 --- [restartedMain] org.apache.catalina.core.StandardEngine  : Starting Servlet engine: [Apache Tomcat/9.0.41]
2024-09-23 18:56:27.761  INFO [Eureka-Server,,,] 52884 --- [restartedMain] o.a.c.c.C.[Tomcat].[localhost].[/]       : Initializing Spring embedded WebApplicationContext
2024-09-23 18:56:27.761  INFO [Eureka-Server,,,] 52884 --- [restartedMain] w.s.c.ServletWebServerApplicationContext : Root WebApplicationContext: initialization completed in 1167 ms
2024-09-23 18:56:27.822  WARN [Eureka-Server,,,] 52884 --- [restartedMain] c.n.c.sources.URLConfigurationSource     : No URLs will be polled as dynamic configuration sources.
2024-09-23 18:56:27.822  INFO [Eureka-Server,,,] 52884 --- [restartedMain] c.n.c.sources.URLConfigurationSource     : To enable URLs as dynamic configuration sources, define System property archaius.configurationSource.additionalUrls or make config.properties available on classpath.
2024-09-23 18:56:27.829  INFO [Eureka-Server,,,] 52884 --- [restartedMain] c.netflix.config.DynamicPropertyFactory  : DynamicPropertyFactory is initialized with configuration sources: com.netflix.config.ConcurrentCompositeConfiguration@3f2e50ec
2024-09-23 18:56:28.037  WARN [Eureka-Server,,,] 52884 --- [restartedMain] o.s.c.s.zipkin2.ZipkinAutoConfiguration  : Check result of the [RestTemplateSender{http://localhost:9411/api/v2/spans}] contains an error [CheckResult{ok=false, error=org.springframework.web.client.ResourceAccessException: I/O error on POST request for "http://localhost:9411/api/v2/spans": Connection refused; nested exception is java.net.ConnectException: Connection refused}]
2024-09-23 18:56:28.322  INFO [Eureka-Server,,,] 52884 --- [restartedMain] com.zaxxer.hikari.HikariDataSource       : HikariPool-1 - Starting...
2024-09-23 18:56:28.603  INFO [Eureka-Server,,,] 52884 --- [restartedMain] com.zaxxer.hikari.HikariDataSource       : HikariPool-1 - Start completed.
2024-09-23 18:56:28.628  INFO [Eureka-Server,,,] 52884 --- [restartedMain] o.hibernate.jpa.internal.util.LogHelper  : HHH000204: Processing PersistenceUnitInfo [name: default]
2024-09-23 18:56:28.653  INFO [Eureka-Server,,,] 52884 --- [restartedMain] org.hibernate.Version                    : HHH000412: Hibernate ORM core version 5.4.25.Final
2024-09-23 18:56:28.709  INFO [Eureka-Server,,,] 52884 --- [restartedMain] o.hibernate.annotations.common.Version   : HCANN000001: Hibernate Commons Annotations {5.1.2.Final}
2024-09-23 18:56:28.753  INFO [Eureka-Server,,,] 52884 --- [restartedMain] org.hibernate.dialect.Dialect            : HHH000400: Using dialect: org.hibernate.dialect.MySQL8Dialect
2024-09-23 18:56:29.004  INFO [Eureka-Server,,,] 52884 --- [restartedMain] o.h.e.t.j.p.i.JtaPlatformInitiator       : HHH000490: Using JtaPlatform implementation: [org.hibernate.engine.transaction.jta.platform.internal.NoJtaPlatform]
2024-09-23 18:56:29.007  INFO [Eureka-Server,,,] 52884 --- [restartedMain] j.LocalContainerEntityManagerFactoryBean : Initialized JPA EntityManagerFactory for persistence unit 'default'
2024-09-23 18:56:29.054  WARN [Eureka-Server,,,] 52884 --- [restartedMain] JpaBaseConfiguration$JpaWebConfiguration : spring.jpa.open-in-view is enabled by default. Therefore, database queries may be performed during view rendering. Explicitly configure spring.jpa.open-in-view to disable this warning
2024-09-23 18:56:29.112  INFO [Eureka-Server,,,] 52884 --- [restartedMain] o.s.b.d.a.OptionalLiveReloadServer       : LiveReload server is running on port 35729
2024-09-23 18:56:29.507  INFO [Eureka-Server,,,] 52884 --- [restartedMain] o.s.b.a.e.web.EndpointLinksResolver      : Exposing 2 endpoint(s) beneath base path '/actuator'
2024-09-23 18:56:29.575  WARN [Eureka-Server,,,] 52884 --- [restartedMain] c.n.c.sources.URLConfigurationSource     : No URLs will be polled as dynamic configuration sources.
2024-09-23 18:56:29.575  INFO [Eureka-Server,,,] 52884 --- [restartedMain] c.n.c.sources.URLConfigurationSource     : To enable URLs as dynamic configuration sources, define System property archaius.configurationSource.additionalUrls or make config.properties available on classpath.
2024-09-23 18:56:29.674  INFO [Eureka-Server,,,] 52884 --- [restartedMain] o.s.s.concurrent.ThreadPoolTaskExecutor  : Initializing ExecutorService 'applicationTaskExecutor'
2024-09-23 18:56:29.969  INFO [Eureka-Server,,,] 52884 --- [restartedMain] DiscoveryClientOptionalArgsConfiguration : Eureka HTTP Client uses Jersey
2024-09-23 18:56:29.989  WARN [Eureka-Server,,,] 52884 --- [restartedMain] ockingLoadBalancerClientRibbonWarnLogger : You already have RibbonLoadBalancerClient on your classpath. It will be used by default. As Spring Cloud Ribbon is in maintenance mode. We recommend switching to BlockingLoadBalancerClient instead. In order to use it, set the value of `spring.cloud.loadbalancer.ribbon.enabled` to `false` or remove spring-cloud-starter-netflix-ribbon from your project.
2024-09-23 18:56:30.133  INFO [Eureka-Server,,,] 52884 --- [restartedMain] o.s.c.n.eureka.InstanceInfoFactory       : Setting initial instance status as: STARTING
2024-09-23 18:56:30.151  INFO [Eureka-Server,,,] 52884 --- [restartedMain] com.netflix.discovery.DiscoveryClient    : Initializing Eureka in region us-east-1
2024-09-23 18:56:30.201  INFO [Eureka-Server,,,] 52884 --- [restartedMain] c.n.d.provider.DiscoveryJerseyProvider   : Using JSON encoding codec LegacyJacksonJson
2024-09-23 18:56:30.201  INFO [Eureka-Server,,,] 52884 --- [restartedMain] c.n.d.provider.DiscoveryJerseyProvider   : Using JSON decoding codec LegacyJacksonJson
2024-09-23 18:56:30.316  INFO [Eureka-Server,,,] 52884 --- [restartedMain] c.n.d.provider.DiscoveryJerseyProvider   : Using XML encoding codec XStreamXml
2024-09-23 18:56:30.316  INFO [Eureka-Server,,,] 52884 --- [restartedMain] c.n.d.provider.DiscoveryJerseyProvider   : Using XML decoding codec XStreamXml
2024-09-23 18:56:30.380  INFO [Eureka-Server,,,] 52884 --- [restartedMain] c.n.d.s.r.aws.ConfigClusterResolver      : Resolving eureka endpoints via configuration
2024-09-23 18:56:30.389  INFO [Eureka-Server,,,] 52884 --- [restartedMain] com.netflix.discovery.DiscoveryClient    : Disable delta property : false
2024-09-23 18:56:30.389  INFO [Eureka-Server,,,] 52884 --- [restartedMain] com.netflix.discovery.DiscoveryClient    : Single vip registry refresh property : null
2024-09-23 18:56:30.389  INFO [Eureka-Server,,,] 52884 --- [restartedMain] com.netflix.discovery.DiscoveryClient    : Force full registry fetch : false
2024-09-23 18:56:30.389  INFO [Eureka-Server,,,] 52884 --- [restartedMain] com.netflix.discovery.DiscoveryClient    : Application is null : false
2024-09-23 18:56:30.389  INFO [Eureka-Server,,,] 52884 --- [restartedMain] com.netflix.discovery.DiscoveryClient    : Registered Applications size is zero : true
2024-09-23 18:56:30.390  INFO [Eureka-Server,,,] 52884 --- [restartedMain] com.netflix.discovery.DiscoveryClient    : Application version is -1: true
2024-09-23 18:56:30.390  INFO [Eureka-Server,,,] 52884 --- [restartedMain] com.netflix.discovery.DiscoveryClient    : Getting all instance registry info from the eureka server
2024-09-23 18:56:30.434  INFO [Eureka-Server,,,] 52884 --- [restartedMain] com.netflix.discovery.DiscoveryClient    : The response status is 200
2024-09-23 18:56:30.435  INFO [Eureka-Server,,,] 52884 --- [restartedMain] com.netflix.discovery.DiscoveryClient    : Starting heartbeat executor: renew interval is: 5
2024-09-23 18:56:30.436  INFO [Eureka-Server,,,] 52884 --- [restartedMain] c.n.discovery.InstanceInfoReplicator     : InstanceInfoReplicator onDemand update allowed rate per min is 4
2024-09-23 18:56:30.437  INFO [Eureka-Server,,,] 52884 --- [restartedMain] com.netflix.discovery.DiscoveryClient    : Discovery Client initialized at timestamp 1727132190437 with initial instances count: 0
2024-09-23 18:56:30.441  INFO [Eureka-Server,,,] 52884 --- [DiscoveryClient-InstanceInfoReplicator-0] c.c.c.ConfigServicePropertySourceLocator : Fetching config from server at : http://localhost:8888
2024-09-23 18:56:30.443  INFO [Eureka-Server,,,] 52884 --- [restartedMain] o.s.c.n.e.s.EurekaServiceRegistry        : Registering application ORDER-SERVICE with eureka with status UP
2024-09-23 18:56:30.443  INFO [Eureka-Server,,,] 52884 --- [restartedMain] com.netflix.discovery.DiscoveryClient    : Saw local status change event StatusChangeEvent [timestamp=1727132190443, current=UP, previous=STARTING]
2024-09-23 18:56:30.443  WARN [Eureka-Server,,,] 52884 --- [restartedMain] c.n.discovery.InstanceInfoReplicator     : Ignoring onDemand update due to rate limiter
2024-09-23 18:56:30.444  INFO [Eureka-Server,,,] 52884 --- [DiscoveryClient-InstanceInfoReplicator-0] c.c.c.ConfigServicePropertySourceLocator : Connect Timeout Exception on Url - http://localhost:8888. Will be trying the next url if available
2024-09-23 18:56:30.444  WARN [Eureka-Server,,,] 52884 --- [DiscoveryClient-InstanceInfoReplicator-0] c.c.c.ConfigServicePropertySourceLocator : Could not locate PropertySource: I/O error on GET request for "http://localhost:8888/order-service/default": Connection refused; nested exception is java.net.ConnectException: Connection refused
2024-09-23 18:56:30.450  INFO [Eureka-Server,,,] 52884 --- [DiscoveryClient-InstanceInfoReplicator-0] com.netflix.discovery.DiscoveryClient    : DiscoveryClient_ORDER-SERVICE/order-service:fe7d9f9753546fbe68572eb89d4eebff: registering service...
2024-09-23 18:56:30.494  INFO [Eureka-Server,,,] 52884 --- [DiscoveryClient-InstanceInfoReplicator-0] com.netflix.discovery.DiscoveryClient    : DiscoveryClient_ORDER-SERVICE/order-service:fe7d9f9753546fbe68572eb89d4eebff - registration status: 204
2024-09-23 18:56:30.497  INFO [Eureka-Server,,,] 52884 --- [DiscoveryClient-InstanceInfoReplicator-0] c.c.c.ConfigServicePropertySourceLocator : Fetching config from server at : http://localhost:8888
2024-09-23 18:56:30.500  INFO [Eureka-Server,,,] 52884 --- [DiscoveryClient-InstanceInfoReplicator-0] c.c.c.ConfigServicePropertySourceLocator : Connect Timeout Exception on Url - http://localhost:8888. Will be trying the next url if available
2024-09-23 18:56:30.500  WARN [Eureka-Server,,,] 52884 --- [DiscoveryClient-InstanceInfoReplicator-0] c.c.c.ConfigServicePropertySourceLocator : Could not locate PropertySource: I/O error on GET request for "http://localhost:8888/order-service/default": Connection refused; nested exception is java.net.ConnectException: Connection refused
2024-09-23 18:56:30.543  INFO [Eureka-Server,,,] 52884 --- [restartedMain] o.s.b.w.embedded.tomcat.TomcatWebServer  : Tomcat started on port(s): 8014 (http) with context path ''
2024-09-23 18:56:30.544  INFO [Eureka-Server,,,] 52884 --- [restartedMain] .s.c.n.e.s.EurekaAutoServiceRegistration : Updating port to 8014
2024-09-23 18:56:30.547  INFO [Eureka-Server,,,] 52884 --- [restartedMain] c.e.ansh.OrderServiceAppApplication      : Started OrderServiceAppApplication in 4.427 seconds (JVM running for 5.051)
2024-09-23 18:56:31.156  INFO [Eureka-Server,,,] 52884 --- [RMI TCP Connection(10)-127.0.0.1] o.a.c.c.C.[Tomcat].[localhost].[/]       : Initializing Spring DispatcherServlet 'dispatcherServlet'
2024-09-23 18:56:31.156  INFO [Eureka-Server,,,] 52884 --- [RMI TCP Connection(10)-127.0.0.1] o.s.web.servlet.DispatcherServlet        : Initializing Servlet 'dispatcherServlet'
2024-09-23 18:56:31.163  INFO [Eureka-Server,,,] 52884 --- [RMI TCP Connection(10)-127.0.0.1] o.s.web.servlet.DispatcherServlet        : Completed initialization in 7 ms
2024-09-23 18:57:00.442  INFO [Eureka-Server,,,] 52884 --- [DiscoveryClient-CacheRefreshExecutor-0] com.netflix.discovery.DiscoveryClient    : Disable delta property : false
2024-09-23 18:57:00.445  INFO [Eureka-Server,,,] 52884 --- [DiscoveryClient-CacheRefreshExecutor-0] com.netflix.discovery.DiscoveryClient    : Single vip registry refresh property : null
2024-09-23 18:57:00.445  INFO [Eureka-Server,,,] 52884 --- [DiscoveryClient-CacheRefreshExecutor-0] com.netflix.discovery.DiscoveryClient    : Force full registry fetch : false
2024-09-23 18:57:00.445  INFO [Eureka-Server,,,] 52884 --- [DiscoveryClient-CacheRefreshExecutor-0] com.netflix.discovery.DiscoveryClient    : Application is null : false
2024-09-23 18:57:00.445  INFO [Eureka-Server,,,] 52884 --- [DiscoveryClient-CacheRefreshExecutor-0] com.netflix.discovery.DiscoveryClient    : Registered Applications size is zero : true
2024-09-23 18:57:00.445  INFO [Eureka-Server,,,] 52884 --- [DiscoveryClient-CacheRefreshExecutor-0] com.netflix.discovery.DiscoveryClient    : Application version is -1: false
2024-09-23 18:57:00.445  INFO [Eureka-Server,,,] 52884 --- [DiscoveryClient-CacheRefreshExecutor-0] com.netflix.discovery.DiscoveryClient    : Getting all instance registry info from the eureka server
2024-09-23 18:57:00.489  INFO [Eureka-Server,,,] 52884 --- [DiscoveryClient-CacheRefreshExecutor-0] com.netflix.discovery.DiscoveryClient    : The response status is 200
2024-09-23 18:57:00.508  INFO [Eureka-Server,,,] 52884 --- [DiscoveryClient-InstanceInfoReplicator-0] c.c.c.ConfigServicePropertySourceLocator : Fetching config from server at : http://localhost:8888
2024-09-23 18:57:00.512  INFO [Eureka-Server,,,] 52884 --- [DiscoveryClient-InstanceInfoReplicator-0] c.c.c.ConfigServicePropertySourceLocator : Connect Timeout Exception on Url - http://localhost:8888. Will be trying the next url if available
2024-09-23 18:57:00.512  WARN [Eureka-Server,,,] 52884 --- [DiscoveryClient-InstanceInfoReplicator-0] c.c.c.ConfigServicePropertySourceLocator : Could not locate PropertySource: I/O error on GET request for "http://localhost:8888/order-service/default": Connection refused; nested exception is java.net.ConnectException: Connection refused
2024-09-23 18:57:30.540  INFO [Eureka-Server,,,] 52884 --- [DiscoveryClient-InstanceInfoReplicator-0] c.c.c.ConfigServicePropertySourceLocator : Fetching config from server at : http://localhost:8888
2024-09-23 18:57:30.549  INFO [Eureka-Server,,,] 52884 --- [DiscoveryClient-InstanceInfoReplicator-0] c.c.c.ConfigServicePropertySourceLocator : Connect Timeout Exception on Url - http://localhost:8888. Will be trying the next url if available
2024-09-23 18:57:30.550  WARN [Eureka-Server,,,] 52884 --- [DiscoveryClient-InstanceInfoReplicator-0] c.c.c.ConfigServicePropertySourceLocator : Could not locate PropertySource: I/O error on GET request for "http://localhost:8888/order-service/default": Connection refused; nested exception is java.net.ConnectException: Connection refused
2024-09-23 18:58:00.566  INFO [Eureka-Server,,,] 52884 --- [DiscoveryClient-InstanceInfoReplicator-0] c.c.c.ConfigServicePropertySourceLocator : Fetching config from server at : http://localhost:8888
2024-09-23 18:58:00.573  INFO [Eureka-Server,,,] 52884 --- [DiscoveryClient-InstanceInfoReplicator-0] c.c.c.ConfigServicePropertySourceLocator : Connect Timeout Exception on Url - http://localhost:8888. Will be trying the next url if available
2024-09-23 18:58:00.573  WARN [Eureka-Server,,,] 52884 --- [DiscoveryClient-InstanceInfoReplicator-0] c.c.c.ConfigServicePropertySourceLocator : Could not locate PropertySource: I/O error on GET request for "http://localhost:8888/order-service/default": Connection refused; nested exception is java.net.ConnectException: Connection refused
2024-09-23 18:58:30.592  INFO [Eureka-Server,,,] 52884 --- [DiscoveryClient-InstanceInfoReplicator-0] c.c.c.ConfigServicePropertySourceLocator : Fetching config from server at : http://localhost:8888
2024-09-23 18:58:30.603  INFO [Eureka-Server,,,] 52884 --- [DiscoveryClient-InstanceInfoReplicator-0] c.c.c.ConfigServicePropertySourceLocator : Connect Timeout Exception on Url - http://localhost:8888. Will be trying the next url if available
2024-09-23 18:58:30.603  WARN [Eureka-Server,,,] 52884 --- [DiscoveryClient-InstanceInfoReplicator-0] c.c.c.ConfigServicePropertySourceLocator : Could not locate PropertySource: I/O error on GET request for "http://localhost:8888/order-service/default": Connection refused; nested exception is java.net.ConnectException: Connection refused
2024-09-23 18:58:44.609  INFO [Eureka-Server,,,] 52940 --- [restartedMain] c.c.c.ConfigServicePropertySourceLocator : Fetching config from server at : http://localhost:8888
2024-09-23 18:58:44.651  INFO [Eureka-Server,,,] 52940 --- [restartedMain] c.c.c.ConfigServicePropertySourceLocator : Connect Timeout Exception on Url - http://localhost:8888. Will be trying the next url if available
2024-09-23 18:58:44.652  WARN [Eureka-Server,,,] 52940 --- [restartedMain] c.c.c.ConfigServicePropertySourceLocator : Could not locate PropertySource: I/O error on GET request for "http://localhost:8888/order-service/default": Connection refused; nested exception is java.net.ConnectException: Connection refused
2024-09-23 18:58:44.653  INFO [Eureka-Server,,,] 52940 --- [restartedMain] c.e.ansh.OrderServiceAppApplication      : No active profile set, falling back to default profiles: default
2024-09-23 18:58:45.131  INFO [Eureka-Server,,,] 52940 --- [restartedMain] .s.d.r.c.RepositoryConfigurationDelegate : Bootstrapping Spring Data JPA repositories in DEFAULT mode.
2024-09-23 18:58:45.191  INFO [Eureka-Server,,,] 52940 --- [restartedMain] .s.d.r.c.RepositoryConfigurationDelegate : Finished Spring Data repository scanning in 56ms. Found 2 JPA repository interfaces.
2024-09-23 18:58:45.247  WARN [Eureka-Server,,,] 52940 --- [restartedMain] o.s.boot.actuate.endpoint.EndpointId     : Endpoint ID 'service-registry' contains invalid characters, please migrate to a valid format.
2024-09-23 18:58:45.293  WARN [Eureka-Server,,,] 52940 --- [restartedMain] o.s.boot.actuate.endpoint.EndpointId     : Endpoint ID 'hystrix.stream' contains invalid characters, please migrate to a valid format.
2024-09-23 18:58:45.389  INFO [Eureka-Server,,,] 52940 --- [restartedMain] o.s.cloud.context.scope.GenericScope     : BeanFactory id=72988950-60e6-36e5-b62d-8886749ba600
2024-09-23 18:58:45.782  INFO [Eureka-Server,,,] 52940 --- [restartedMain] o.s.b.w.embedded.tomcat.TomcatWebServer  : Tomcat initialized with port(s): 8014 (http)
2024-09-23 18:58:45.787  INFO [Eureka-Server,,,] 52940 --- [restartedMain] o.apache.catalina.core.StandardService   : Starting service [Tomcat]
2024-09-23 18:58:45.787  INFO [Eureka-Server,,,] 52940 --- [restartedMain] org.apache.catalina.core.StandardEngine  : Starting Servlet engine: [Apache Tomcat/9.0.41]
2024-09-23 18:58:45.835  INFO [Eureka-Server,,,] 52940 --- [restartedMain] o.a.c.c.C.[Tomcat].[localhost].[/]       : Initializing Spring embedded WebApplicationContext
2024-09-23 18:58:45.835  INFO [Eureka-Server,,,] 52940 --- [restartedMain] w.s.c.ServletWebServerApplicationContext : Root WebApplicationContext: initialization completed in 1173 ms
2024-09-23 18:58:45.896  WARN [Eureka-Server,,,] 52940 --- [restartedMain] c.n.c.sources.URLConfigurationSource     : No URLs will be polled as dynamic configuration sources.
2024-09-23 18:58:45.896  INFO [Eureka-Server,,,] 52940 --- [restartedMain] c.n.c.sources.URLConfigurationSource     : To enable URLs as dynamic configuration sources, define System property archaius.configurationSource.additionalUrls or make config.properties available on classpath.
2024-09-23 18:58:45.903  INFO [Eureka-Server,,,] 52940 --- [restartedMain] c.netflix.config.DynamicPropertyFactory  : DynamicPropertyFactory is initialized with configuration sources: com.netflix.config.ConcurrentCompositeConfiguration@2f2bce55
2024-09-23 18:58:46.100  WARN [Eureka-Server,,,] 52940 --- [restartedMain] o.s.c.s.zipkin2.ZipkinAutoConfiguration  : Check result of the [RestTemplateSender{http://localhost:9411/api/v2/spans}] contains an error [CheckResult{ok=false, error=org.springframework.web.client.ResourceAccessException: I/O error on POST request for "http://localhost:9411/api/v2/spans": Connection refused; nested exception is java.net.ConnectException: Connection refused}]
2024-09-23 18:58:46.434  INFO [Eureka-Server,,,] 52940 --- [restartedMain] com.zaxxer.hikari.HikariDataSource       : HikariPool-1 - Starting...
2024-09-23 18:58:46.685  INFO [Eureka-Server,,,] 52940 --- [restartedMain] com.zaxxer.hikari.HikariDataSource       : HikariPool-1 - Start completed.
2024-09-23 18:58:46.711  INFO [Eureka-Server,,,] 52940 --- [restartedMain] o.hibernate.jpa.internal.util.LogHelper  : HHH000204: Processing PersistenceUnitInfo [name: default]
2024-09-23 18:58:46.737  INFO [Eureka-Server,,,] 52940 --- [restartedMain] org.hibernate.Version                    : HHH000412: Hibernate ORM core version 5.4.25.Final
2024-09-23 18:58:46.794  INFO [Eureka-Server,,,] 52940 --- [restartedMain] o.hibernate.annotations.common.Version   : HCANN000001: Hibernate Commons Annotations {5.1.2.Final}
2024-09-23 18:58:46.842  INFO [Eureka-Server,,,] 52940 --- [restartedMain] org.hibernate.dialect.Dialect            : HHH000400: Using dialect: org.hibernate.dialect.MySQL8Dialect
2024-09-23 18:58:47.099  INFO [Eureka-Server,,,] 52940 --- [restartedMain] o.h.e.t.j.p.i.JtaPlatformInitiator       : HHH000490: Using JtaPlatform implementation: [org.hibernate.engine.transaction.jta.platform.internal.NoJtaPlatform]
2024-09-23 18:58:47.102  INFO [Eureka-Server,,,] 52940 --- [restartedMain] j.LocalContainerEntityManagerFactoryBean : Initialized JPA EntityManagerFactory for persistence unit 'default'
2024-09-23 18:58:47.149  WARN [Eureka-Server,,,] 52940 --- [restartedMain] JpaBaseConfiguration$JpaWebConfiguration : spring.jpa.open-in-view is enabled by default. Therefore, database queries may be performed during view rendering. Explicitly configure spring.jpa.open-in-view to disable this warning
2024-09-23 18:58:47.202  WARN [Eureka-Server,,,] 52940 --- [restartedMain] o.s.b.d.a.OptionalLiveReloadServer       : Unable to start LiveReload server
2024-09-23 18:58:47.610  INFO [Eureka-Server,,,] 52940 --- [restartedMain] o.s.b.a.e.web.EndpointLinksResolver      : Exposing 2 endpoint(s) beneath base path '/actuator'
2024-09-23 18:58:47.673  WARN [Eureka-Server,,,] 52940 --- [restartedMain] c.n.c.sources.URLConfigurationSource     : No URLs will be polled as dynamic configuration sources.
2024-09-23 18:58:47.673  INFO [Eureka-Server,,,] 52940 --- [restartedMain] c.n.c.sources.URLConfigurationSource     : To enable URLs as dynamic configuration sources, define System property archaius.configurationSource.additionalUrls or make config.properties available on classpath.
2024-09-23 18:58:47.771  INFO [Eureka-Server,,,] 52940 --- [restartedMain] o.s.s.concurrent.ThreadPoolTaskExecutor  : Initializing ExecutorService 'applicationTaskExecutor'
2024-09-23 18:58:48.055  INFO [Eureka-Server,,,] 52940 --- [restartedMain] DiscoveryClientOptionalArgsConfiguration : Eureka HTTP Client uses Jersey
2024-09-23 18:58:48.081  WARN [Eureka-Server,,,] 52940 --- [restartedMain] ockingLoadBalancerClientRibbonWarnLogger : You already have RibbonLoadBalancerClient on your classpath. It will be used by default. As Spring Cloud Ribbon is in maintenance mode. We recommend switching to BlockingLoadBalancerClient instead. In order to use it, set the value of `spring.cloud.loadbalancer.ribbon.enabled` to `false` or remove spring-cloud-starter-netflix-ribbon from your project.
2024-09-23 18:58:48.238  INFO [Eureka-Server,,,] 52940 --- [restartedMain] o.s.c.n.eureka.InstanceInfoFactory       : Setting initial instance status as: STARTING
2024-09-23 18:58:48.255  INFO [Eureka-Server,,,] 52940 --- [restartedMain] com.netflix.discovery.DiscoveryClient    : Initializing Eureka in region us-east-1
2024-09-23 18:58:48.308  INFO [Eureka-Server,,,] 52940 --- [restartedMain] c.n.d.provider.DiscoveryJerseyProvider   : Using JSON encoding codec LegacyJacksonJson
2024-09-23 18:58:48.308  INFO [Eureka-Server,,,] 52940 --- [restartedMain] c.n.d.provider.DiscoveryJerseyProvider   : Using JSON decoding codec LegacyJacksonJson
2024-09-23 18:58:48.403  INFO [Eureka-Server,,,] 52940 --- [restartedMain] c.n.d.provider.DiscoveryJerseyProvider   : Using XML encoding codec XStreamXml
2024-09-23 18:58:48.403  INFO [Eureka-Server,,,] 52940 --- [restartedMain] c.n.d.provider.DiscoveryJerseyProvider   : Using XML decoding codec XStreamXml
2024-09-23 18:58:48.470  INFO [Eureka-Server,,,] 52940 --- [restartedMain] c.n.d.s.r.aws.ConfigClusterResolver      : Resolving eureka endpoints via configuration
2024-09-23 18:58:48.480  INFO [Eureka-Server,,,] 52940 --- [restartedMain] com.netflix.discovery.DiscoveryClient    : Disable delta property : false
2024-09-23 18:58:48.480  INFO [Eureka-Server,,,] 52940 --- [restartedMain] com.netflix.discovery.DiscoveryClient    : Single vip registry refresh property : null
2024-09-23 18:58:48.480  INFO [Eureka-Server,,,] 52940 --- [restartedMain] com.netflix.discovery.DiscoveryClient    : Force full registry fetch : false
2024-09-23 18:58:48.480  INFO [Eureka-Server,,,] 52940 --- [restartedMain] com.netflix.discovery.DiscoveryClient    : Application is null : false
2024-09-23 18:58:48.480  INFO [Eureka-Server,,,] 52940 --- [restartedMain] com.netflix.discovery.DiscoveryClient    : Registered Applications size is zero : true
2024-09-23 18:58:48.480  INFO [Eureka-Server,,,] 52940 --- [restartedMain] com.netflix.discovery.DiscoveryClient    : Application version is -1: true
2024-09-23 18:58:48.480  INFO [Eureka-Server,,,] 52940 --- [restartedMain] com.netflix.discovery.DiscoveryClient    : Getting all instance registry info from the eureka server
2024-09-23 18:58:48.530  INFO [Eureka-Server,,,] 52940 --- [restartedMain] com.netflix.discovery.DiscoveryClient    : The response status is 200
2024-09-23 18:58:48.531  INFO [Eureka-Server,,,] 52940 --- [restartedMain] com.netflix.discovery.DiscoveryClient    : Starting heartbeat executor: renew interval is: 5
2024-09-23 18:58:48.532  INFO [Eureka-Server,,,] 52940 --- [restartedMain] c.n.discovery.InstanceInfoReplicator     : InstanceInfoReplicator onDemand update allowed rate per min is 4
2024-09-23 18:58:48.533  INFO [Eureka-Server,,,] 52940 --- [restartedMain] com.netflix.discovery.DiscoveryClient    : Discovery Client initialized at timestamp 1727132328532 with initial instances count: 1
2024-09-23 18:58:48.536  INFO [Eureka-Server,,,] 52940 --- [DiscoveryClient-InstanceInfoReplicator-0] c.c.c.ConfigServicePropertySourceLocator : Fetching config from server at : http://localhost:8888
2024-09-23 18:58:48.538  INFO [Eureka-Server,,,] 52940 --- [restartedMain] o.s.c.n.e.s.EurekaServiceRegistry        : Registering application ORDER-SERVICE with eureka with status UP
2024-09-23 18:58:48.539  INFO [Eureka-Server,,,] 52940 --- [restartedMain] com.netflix.discovery.DiscoveryClient    : Saw local status change event StatusChangeEvent [timestamp=1727132328539, current=UP, previous=STARTING]
2024-09-23 18:58:48.539  WARN [Eureka-Server,,,] 52940 --- [restartedMain] c.n.discovery.InstanceInfoReplicator     : Ignoring onDemand update due to rate limiter
2024-09-23 18:58:48.540  INFO [Eureka-Server,,,] 52940 --- [DiscoveryClient-InstanceInfoReplicator-0] c.c.c.ConfigServicePropertySourceLocator : Connect Timeout Exception on Url - http://localhost:8888. Will be trying the next url if available
2024-09-23 18:58:48.540  WARN [Eureka-Server,,,] 52940 --- [DiscoveryClient-InstanceInfoReplicator-0] c.c.c.ConfigServicePropertySourceLocator : Could not locate PropertySource: I/O error on GET request for "http://localhost:8888/order-service/default": Connection refused; nested exception is java.net.ConnectException: Connection refused
2024-09-23 18:58:48.545  INFO [Eureka-Server,,,] 52940 --- [DiscoveryClient-InstanceInfoReplicator-0] com.netflix.discovery.DiscoveryClient    : DiscoveryClient_ORDER-SERVICE/order-service:a896970079fdff8f147262321c60f304: registering service...
2024-09-23 18:58:48.558  INFO [Eureka-Server,,,] 52940 --- [DiscoveryClient-InstanceInfoReplicator-0] com.netflix.discovery.DiscoveryClient    : DiscoveryClient_ORDER-SERVICE/order-service:a896970079fdff8f147262321c60f304 - registration status: 204
2024-09-23 18:58:48.560  INFO [Eureka-Server,,,] 52940 --- [DiscoveryClient-InstanceInfoReplicator-0] c.c.c.ConfigServicePropertySourceLocator : Fetching config from server at : http://localhost:8888
2024-09-23 18:58:48.563  INFO [Eureka-Server,,,] 52940 --- [DiscoveryClient-InstanceInfoReplicator-0] c.c.c.ConfigServicePropertySourceLocator : Connect Timeout Exception on Url - http://localhost:8888. Will be trying the next url if available
2024-09-23 18:58:48.563  WARN [Eureka-Server,,,] 52940 --- [DiscoveryClient-InstanceInfoReplicator-0] c.c.c.ConfigServicePropertySourceLocator : Could not locate PropertySource: I/O error on GET request for "http://localhost:8888/order-service/default": Connection refused; nested exception is java.net.ConnectException: Connection refused
2024-09-23 18:58:48.640  INFO [Eureka-Server,,,] 52940 --- [restartedMain] o.apache.catalina.core.StandardService   : Stopping service [Tomcat]
2024-09-23 18:58:48.642  WARN [Eureka-Server,,,] 52940 --- [restartedMain] o.a.c.loader.WebappClassLoaderBase       : The web application [ROOT] appears to have started a thread named [RxIoScheduler-1 (Evictor)] but has failed to stop it. This is very likely to create a memory leak. Stack trace of thread:
 java.base/jdk.internal.misc.Unsafe.park(Native Method)
 java.base/java.util.concurrent.locks.LockSupport.parkNanos(LockSupport.java:269)
 java.base/java.util.concurrent.locks.AbstractQueuedSynchronizer$ConditionObject.awaitNanos(AbstractQueuedSynchronizer.java:1758)
 java.base/java.util.concurrent.ScheduledThreadPoolExecutor$DelayedWorkQueue.take(ScheduledThreadPoolExecutor.java:1182)
 java.base/java.util.concurrent.ScheduledThreadPoolExecutor$DelayedWorkQueue.take(ScheduledThreadPoolExecutor.java:899)
 java.base/java.util.concurrent.ThreadPoolExecutor.getTask(ThreadPoolExecutor.java:1070)
 java.base/java.util.concurrent.ThreadPoolExecutor.runWorker(ThreadPoolExecutor.java:1130)
 java.base/java.util.concurrent.ThreadPoolExecutor$Worker.run(ThreadPoolExecutor.java:642)
 java.base/java.lang.Thread.run(Thread.java:1583)
2024-09-23 18:58:48.642  WARN [Eureka-Server,,,] 52940 --- [restartedMain] o.a.c.loader.WebappClassLoaderBase       : The web application [ROOT] appears to have started a thread named [spring.cloud.inetutils] but has failed to stop it. This is very likely to create a memory leak. Stack trace of thread:
 java.base/jdk.internal.misc.Unsafe.park(Native Method)
 java.base/java.util.concurrent.locks.LockSupport.park(LockSupport.java:371)
 java.base/java.util.concurrent.locks.AbstractQueuedSynchronizer$ConditionNode.block(AbstractQueuedSynchronizer.java:519)
 java.base/java.util.concurrent.ForkJoinPool.unmanagedBlock(ForkJoinPool.java:3780)
 java.base/java.util.concurrent.ForkJoinPool.managedBlock(ForkJoinPool.java:3725)
 java.base/java.util.concurrent.locks.AbstractQueuedSynchronizer$ConditionObject.await(AbstractQueuedSynchronizer.java:1707)
 java.base/java.util.concurrent.LinkedBlockingQueue.take(LinkedBlockingQueue.java:435)
 java.base/java.util.concurrent.ThreadPoolExecutor.getTask(ThreadPoolExecutor.java:1070)
 java.base/java.util.concurrent.ThreadPoolExecutor.runWorker(ThreadPoolExecutor.java:1130)
 java.base/java.util.concurrent.ThreadPoolExecutor$Worker.run(ThreadPoolExecutor.java:642)
 java.base/java.lang.Thread.run(Thread.java:1583)
2024-09-23 18:58:48.647  INFO [Eureka-Server,,,] 52940 --- [restartedMain] ConditionEvaluationReportLoggingListener : 

Error starting ApplicationContext. To display the conditions report re-run your application with 'debug' enabled.
2024-09-23 18:58:48.648  INFO [Eureka-Server,,,] 52940 --- [restartedMain] o.s.c.n.e.s.EurekaServiceRegistry        : Unregistering application ORDER-SERVICE with eureka with status DOWN
2024-09-23 18:58:48.648 ERROR [Eureka-Server,,,] 52940 --- [restartedMain] com.netflix.discovery.DiscoveryClient    : Saw local status change event StatusChangeEvent [timestamp=1727132328648, current=DOWN, previous=UP]
2024-09-23 18:58:48.648  WARN [Eureka-Server,,,] 52940 --- [restartedMain] c.n.discovery.InstanceInfoReplicator     : Ignoring onDemand update due to rate limiter
2024-09-23 18:58:48.650  INFO [Eureka-Server,,,] 52940 --- [restartedMain] o.s.s.concurrent.ThreadPoolTaskExecutor  : Shutting down ExecutorService 'applicationTaskExecutor'
2024-09-23 18:58:48.661  INFO [Eureka-Server,,,] 52940 --- [restartedMain] j.LocalContainerEntityManagerFactoryBean : Closing JPA EntityManagerFactory for persistence unit 'default'
2024-09-23 18:58:48.663  INFO [Eureka-Server,,,] 52940 --- [restartedMain] com.zaxxer.hikari.HikariDataSource       : HikariPool-1 - Shutdown initiated...
2024-09-23 18:58:48.667  INFO [Eureka-Server,,,] 52940 --- [restartedMain] com.zaxxer.hikari.HikariDataSource       : HikariPool-1 - Shutdown completed.
2024-09-23 18:58:49.671  INFO [Eureka-Server,,,] 52940 --- [restartedMain] com.netflix.discovery.DiscoveryClient    : Shutting down DiscoveryClient ...
2024-09-23 18:58:52.679  INFO [Eureka-Server,,,] 52940 --- [restartedMain] com.netflix.discovery.DiscoveryClient    : Unregistering ...
2024-09-23 18:58:52.691  INFO [Eureka-Server,,,] 52940 --- [restartedMain] com.netflix.discovery.DiscoveryClient    : DiscoveryClient_ORDER-SERVICE/order-service:a896970079fdff8f147262321c60f304 - deregister  status: 200
2024-09-23 18:58:52.701  INFO [Eureka-Server,,,] 52940 --- [restartedMain] com.netflix.discovery.DiscoveryClient    : Completed shut down of DiscoveryClient
2024-09-23 18:58:52.703 ERROR [Eureka-Server,,,] 52940 --- [restartedMain] o.s.b.d.LoggingFailureAnalysisReporter   : 

***************************
APPLICATION FAILED TO START
***************************

Description:

Web server failed to start. Port 8014 was already in use.

Action:

Identify and stop the process that's listening on port 8014 or configure this application to listen on another port.

2024-09-23 18:59:00.628  INFO [Eureka-Server,,,] 52884 --- [DiscoveryClient-InstanceInfoReplicator-0] c.c.c.ConfigServicePropertySourceLocator : Fetching config from server at : http://localhost:8888
2024-09-23 18:59:00.636  INFO [Eureka-Server,,,] 52884 --- [DiscoveryClient-InstanceInfoReplicator-0] c.c.c.ConfigServicePropertySourceLocator : Connect Timeout Exception on Url - http://localhost:8888. Will be trying the next url if available
2024-09-23 18:59:00.636  WARN [Eureka-Server,,,] 52884 --- [DiscoveryClient-InstanceInfoReplicator-0] c.c.c.ConfigServicePropertySourceLocator : Could not locate PropertySource: I/O error on GET request for "http://localhost:8888/order-service/default": Connection refused; nested exception is java.net.ConnectException: Connection refused
2024-09-23 18:59:30.658  INFO [Eureka-Server,,,] 52884 --- [DiscoveryClient-InstanceInfoReplicator-0] c.c.c.ConfigServicePropertySourceLocator : Fetching config from server at : http://localhost:8888
2024-09-23 18:59:30.668  INFO [Eureka-Server,,,] 52884 --- [DiscoveryClient-InstanceInfoReplicator-0] c.c.c.ConfigServicePropertySourceLocator : Connect Timeout Exception on Url - http://localhost:8888. Will be trying the next url if available
2024-09-23 18:59:30.668  WARN [Eureka-Server,,,] 52884 --- [DiscoveryClient-InstanceInfoReplicator-0] c.c.c.ConfigServicePropertySourceLocator : Could not locate PropertySource: I/O error on GET request for "http://localhost:8888/order-service/default": Connection refused; nested exception is java.net.ConnectException: Connection refused
2024-09-23 19:00:00.690  INFO [Eureka-Server,,,] 52884 --- [DiscoveryClient-InstanceInfoReplicator-0] c.c.c.ConfigServicePropertySourceLocator : Fetching config from server at : http://localhost:8888
2024-09-23 19:00:00.700  INFO [Eureka-Server,,,] 52884 --- [DiscoveryClient-InstanceInfoReplicator-0] c.c.c.ConfigServicePropertySourceLocator : Connect Timeout Exception on Url - http://localhost:8888. Will be trying the next url if available
2024-09-23 19:00:00.700  WARN [Eureka-Server,,,] 52884 --- [DiscoveryClient-InstanceInfoReplicator-0] c.c.c.ConfigServicePropertySourceLocator : Could not locate PropertySource: I/O error on GET request for "http://localhost:8888/order-service/default": Connection refused; nested exception is java.net.ConnectException: Connection refused
2024-09-23 19:00:12.645  INFO [Eureka-Server,,,] 52884 --- [RMI TCP Connection(15)-127.0.0.1] inMXBeanRegistrar$SpringApplicationAdmin : Application shutdown requested.
2024-09-23 19:00:12.648  INFO [Eureka-Server,,,] 52884 --- [RMI TCP Connection(15)-127.0.0.1] o.s.c.n.e.s.EurekaServiceRegistry        : Unregistering application ORDER-SERVICE with eureka with status DOWN
2024-09-23 19:00:12.649 ERROR [Eureka-Server,,,] 52884 --- [RMI TCP Connection(15)-127.0.0.1] com.netflix.discovery.DiscoveryClient    : Saw local status change event StatusChangeEvent [timestamp=1727132412649, current=DOWN, previous=UP]
2024-09-23 19:00:12.653  INFO [Eureka-Server,,,] 52884 --- [DiscoveryClient-InstanceInfoReplicator-0] c.c.c.ConfigServicePropertySourceLocator : Fetching config from server at : http://localhost:8888
2024-09-23 19:00:12.657  INFO [Eureka-Server,,,] 52884 --- [DiscoveryClient-InstanceInfoReplicator-0] c.c.c.ConfigServicePropertySourceLocator : Connect Timeout Exception on Url - http://localhost:8888. Will be trying the next url if available
2024-09-23 19:00:12.658  WARN [Eureka-Server,,,] 52884 --- [DiscoveryClient-InstanceInfoReplicator-0] c.c.c.ConfigServicePropertySourceLocator : Could not locate PropertySource: I/O error on GET request for "http://localhost:8888/order-service/default": Connection refused; nested exception is java.net.ConnectException: Connection refused
2024-09-23 19:00:12.660  INFO [Eureka-Server,,,] 52884 --- [DiscoveryClient-InstanceInfoReplicator-0] com.netflix.discovery.DiscoveryClient    : Saw local status change event StatusChangeEvent [timestamp=1727132412660, current=UP, previous=DOWN]
2024-09-23 19:00:12.661  INFO [Eureka-Server,,,] 52884 --- [DiscoveryClient-InstanceInfoReplicator-0] com.netflix.discovery.DiscoveryClient    : DiscoveryClient_ORDER-SERVICE/order-service:fe7d9f9753546fbe68572eb89d4eebff: registering service...
2024-09-23 19:00:12.665  INFO [Eureka-Server,,,] 52884 --- [RMI TCP Connection(15)-127.0.0.1] o.s.s.concurrent.ThreadPoolTaskExecutor  : Shutting down ExecutorService 'applicationTaskExecutor'
2024-09-23 19:00:12.666  INFO [Eureka-Server,,,] 52884 --- [DiscoveryClient-InstanceInfoReplicator-0] com.netflix.discovery.DiscoveryClient    : DiscoveryClient_ORDER-SERVICE/order-service:fe7d9f9753546fbe68572eb89d4eebff - registration status: 204
2024-09-23 19:00:12.670  INFO [Eureka-Server,,,] 52884 --- [DiscoveryClient-InstanceInfoReplicator-0] c.c.c.ConfigServicePropertySourceLocator : Fetching config from server at : http://localhost:8888
2024-09-23 19:00:12.674  INFO [Eureka-Server,,,] 52884 --- [DiscoveryClient-InstanceInfoReplicator-0] c.c.c.ConfigServicePropertySourceLocator : Connect Timeout Exception on Url - http://localhost:8888. Will be trying the next url if available
2024-09-23 19:00:12.674  WARN [Eureka-Server,,,] 52884 --- [DiscoveryClient-InstanceInfoReplicator-0] c.c.c.ConfigServicePropertySourceLocator : Could not locate PropertySource: I/O error on GET request for "http://localhost:8888/order-service/default": Connection refused; nested exception is java.net.ConnectException: Connection refused
2024-09-23 19:00:12.689  INFO [Eureka-Server,,,] 52884 --- [RMI TCP Connection(15)-127.0.0.1] j.LocalContainerEntityManagerFactoryBean : Closing JPA EntityManagerFactory for persistence unit 'default'
2024-09-23 19:00:12.693  INFO [Eureka-Server,,,] 52884 --- [RMI TCP Connection(15)-127.0.0.1] com.zaxxer.hikari.HikariDataSource       : HikariPool-1 - Shutdown initiated...
2024-09-23 19:00:12.711  INFO [Eureka-Server,,,] 52884 --- [RMI TCP Connection(15)-127.0.0.1] com.zaxxer.hikari.HikariDataSource       : HikariPool-1 - Shutdown completed.
2024-09-23 19:00:13.716  WARN [Eureka-Server,,,] 52884 --- [RMI TCP Connection(15)-127.0.0.1] z.r.AsyncReporter$BoundedAsyncReporter   : Timed out waiting for in-flight spans to send
2024-09-23 19:00:13.724  INFO [Eureka-Server,,,] 52884 --- [RMI TCP Connection(15)-127.0.0.1] com.netflix.discovery.DiscoveryClient    : Shutting down DiscoveryClient ...
2024-09-23 19:00:16.729  INFO [Eureka-Server,,,] 52884 --- [RMI TCP Connection(15)-127.0.0.1] com.netflix.discovery.DiscoveryClient    : Unregistering ...
2024-09-23 19:00:16.738  INFO [Eureka-Server,,,] 52884 --- [RMI TCP Connection(15)-127.0.0.1] com.netflix.discovery.DiscoveryClient    : DiscoveryClient_ORDER-SERVICE/order-service:fe7d9f9753546fbe68572eb89d4eebff - deregister  status: 200
2024-09-23 19:00:16.751  INFO [Eureka-Server,,,] 52884 --- [RMI TCP Connection(15)-127.0.0.1] com.netflix.discovery.DiscoveryClient    : Completed shut down of DiscoveryClient
2024-09-23 19:00:16.769  INFO [Eureka-Server,,,] 52884 --- [RMI TCP Connection(15)-127.0.0.1] o.apache.catalina.core.StandardService   : Stopping service [Tomcat]
2024-09-23 19:00:16.772  INFO [Eureka-Server,,,] 52884 --- [RMI TCP Connection(15)-127.0.0.1] o.a.c.c.C.[Tomcat].[localhost].[/]       : Destroying Spring FrameworkServlet 'dispatcherServlet'
2024-09-23 19:00:16.774  WARN [Eureka-Server,,,] 52884 --- [RMI TCP Connection(15)-127.0.0.1] o.a.c.loader.WebappClassLoaderBase       : The web application [ROOT] appears to have started a thread named [RxIoScheduler-1 (Evictor)] but has failed to stop it. This is very likely to create a memory leak. Stack trace of thread:
 java.base/jdk.internal.misc.Unsafe.park(Native Method)
 java.base/java.util.concurrent.locks.LockSupport.parkNanos(LockSupport.java:269)
 java.base/java.util.concurrent.locks.AbstractQueuedSynchronizer$ConditionObject.awaitNanos(AbstractQueuedSynchronizer.java:1758)
 java.base/java.util.concurrent.ScheduledThreadPoolExecutor$DelayedWorkQueue.take(ScheduledThreadPoolExecutor.java:1182)
 java.base/java.util.concurrent.ScheduledThreadPoolExecutor$DelayedWorkQueue.take(ScheduledThreadPoolExecutor.java:899)
 java.base/java.util.concurrent.ThreadPoolExecutor.getTask(ThreadPoolExecutor.java:1070)
 java.base/java.util.concurrent.ThreadPoolExecutor.runWorker(ThreadPoolExecutor.java:1130)
 java.base/java.util.concurrent.ThreadPoolExecutor$Worker.run(ThreadPoolExecutor.java:642)
 java.base/java.lang.Thread.run(Thread.java:1583)
